[2025-11-04T06:10:42.024+0000] {local_task_job_runner.py:120} INFO - ::group::Pre task execution logs
[2025-11-04T06:10:42.089+0000] {taskinstance.py:2076} INFO - Dependencies all met for dep_context=non-requeueable deps ti=<TaskInstance: ai_database_generator.run_database_generation_script manual__2025-11-04T06:10:38.283665+00:00 [queued]>
[2025-11-04T06:10:42.108+0000] {taskinstance.py:2076} INFO - Dependencies all met for dep_context=requeueable deps ti=<TaskInstance: ai_database_generator.run_database_generation_script manual__2025-11-04T06:10:38.283665+00:00 [queued]>
[2025-11-04T06:10:42.110+0000] {taskinstance.py:2306} INFO - Starting attempt 1 of 1
[2025-11-04T06:10:42.140+0000] {taskinstance.py:2330} INFO - Executing <Task(_PythonDecoratedOperator): run_database_generation_script> on 2025-11-04 06:10:38.283665+00:00
[2025-11-04T06:10:42.153+0000] {standard_task_runner.py:63} INFO - Started process 1942 to run task
[2025-11-04T06:10:42.160+0000] {standard_task_runner.py:90} INFO - Running: ['***', 'tasks', 'run', 'ai_database_generator', 'run_database_generation_script', 'manual__2025-11-04T06:10:38.283665+00:00', '--job-id', '7', '--raw', '--subdir', 'DAGS_FOLDER/ai_database_generator_dag.py', '--cfg-path', '/tmp/tmp6824eang']
[2025-11-04T06:10:42.165+0000] {standard_task_runner.py:91} INFO - Job 7: Subtask run_database_generation_script
[2025-11-04T06:10:42.330+0000] {task_command.py:426} INFO - Running <TaskInstance: ai_database_generator.run_database_generation_script manual__2025-11-04T06:10:38.283665+00:00 [running]> on host 9f4e20d9e6ec
[2025-11-04T06:10:42.776+0000] {taskinstance.py:2648} INFO - Exporting env vars: AIRFLOW_CTX_DAG_OWNER='***' AIRFLOW_CTX_DAG_ID='ai_database_generator' AIRFLOW_CTX_TASK_ID='run_database_generation_script' AIRFLOW_CTX_EXECUTION_DATE='2025-11-04T06:10:38.283665+00:00' AIRFLOW_CTX_TRY_NUMBER='1' AIRFLOW_CTX_DAG_RUN_ID='manual__2025-11-04T06:10:38.283665+00:00'
[2025-11-04T06:10:42.778+0000] {taskinstance.py:430} INFO - ::endgroup::
[2025-11-04T06:10:42.779+0000] {logging_mixin.py:188} INFO - Importing AI-generated script...
[2025-11-04T06:10:43.719+0000] {logging_mixin.py:188} INFO - --- Starting Database Generation ---
[2025-11-04T06:10:43.724+0000] {logging_mixin.py:188} INFO - Output directory '/opt/***/data/generated_users' ensured.
[2025-11-04T06:10:43.725+0000] {logging_mixin.py:188} INFO - Generating 'Payment_Methods' data...
[2025-11-04T06:10:43.758+0000] {logging_mixin.py:188} INFO - 'Payment_Methods.parquet' saved successfully.
[2025-11-04T06:10:43.759+0000] {logging_mixin.py:188} INFO - Generating 'Stores' data...
[2025-11-04T06:10:43.880+0000] {logging_mixin.py:188} INFO - 'Stores.parquet' saved successfully.
[2025-11-04T06:10:43.881+0000] {logging_mixin.py:188} INFO - Generating 'Products' data...
[2025-11-04T06:10:43.939+0000] {logging_mixin.py:188} INFO - 'Products.parquet' saved successfully.
[2025-11-04T06:10:43.940+0000] {logging_mixin.py:188} INFO - Generating 'Customers' data...
[2025-11-04T06:10:46.923+0000] {logging_mixin.py:188} INFO - 'Customers.parquet' saved successfully.
[2025-11-04T06:10:46.924+0000] {logging_mixin.py:188} INFO - Generating 'Transactions' data in batches...
[2025-11-04T06:10:46.936+0000] {logging_mixin.py:188} INFO -   - Generating batch 1 of 10...
[2025-11-04T06:10:51.558+0000] {logging_mixin.py:188} INFO -   - Generating batch 2 of 10...
[2025-11-04T06:10:56.387+0000] {logging_mixin.py:188} INFO -   - Generating batch 3 of 10...
[2025-11-04T06:11:00.581+0000] {logging_mixin.py:188} INFO -   - Generating batch 4 of 10...
[2025-11-04T06:11:05.636+0000] {logging_mixin.py:188} INFO -   - Generating batch 5 of 10...
[2025-11-04T06:11:09.929+0000] {logging_mixin.py:188} INFO -   - Generating batch 6 of 10...
[2025-11-04T06:11:14.703+0000] {logging_mixin.py:188} INFO -   - Generating batch 7 of 10...
[2025-11-04T06:11:18.851+0000] {logging_mixin.py:188} INFO -   - Generating batch 8 of 10...
[2025-11-04T06:11:23.824+0000] {logging_mixin.py:188} INFO -   - Generating batch 9 of 10...
[2025-11-04T06:11:28.445+0000] {logging_mixin.py:188} INFO -   - Generating batch 10 of 10...
[2025-11-04T06:11:32.743+0000] {logging_mixin.py:188} INFO - 'Transactions.parquet' with 1000000 rows saved successfully.
[2025-11-04T06:11:32.744+0000] {logging_mixin.py:188} INFO - Dataset generation complete.
[2025-11-04T06:11:32.797+0000] {logging_mixin.py:188} INFO - --- Database Generation Complete ---
[2025-11-04T06:11:32.798+0000] {python.py:237} INFO - Done. Returned value was: None
[2025-11-04T06:11:32.799+0000] {taskinstance.py:441} INFO - ::group::Post task execution logs
[2025-11-04T06:11:32.823+0000] {taskinstance.py:1206} INFO - Marking task as SUCCESS. dag_id=ai_database_generator, task_id=run_database_generation_script, run_id=manual__2025-11-04T06:10:38.283665+00:00, execution_date=20251104T061038, start_date=20251104T061042, end_date=20251104T061132
[2025-11-04T06:11:32.944+0000] {local_task_job_runner.py:240} INFO - Task exited with return code 0
[2025-11-04T06:11:33.213+0000] {taskinstance.py:3503} INFO - 0 downstream tasks scheduled from follow-on schedule check
[2025-11-04T06:11:33.218+0000] {local_task_job_runner.py:222} INFO - ::endgroup::
