[2025-10-28T12:11:46.767+0000] {local_task_job_runner.py:120} INFO - ::group::Pre task execution logs
[2025-10-28T12:11:46.861+0000] {taskinstance.py:2076} INFO - Dependencies all met for dep_context=non-requeueable deps ti=<TaskInstance: ai_data_generator_1M.generate_and_save_batch manual__2025-10-28T12:11:43.041151+00:00 map_index=6 [queued]>
[2025-10-28T12:11:46.895+0000] {taskinstance.py:2076} INFO - Dependencies all met for dep_context=requeueable deps ti=<TaskInstance: ai_data_generator_1M.generate_and_save_batch manual__2025-10-28T12:11:43.041151+00:00 map_index=6 [queued]>
[2025-10-28T12:11:46.900+0000] {taskinstance.py:2306} INFO - Starting attempt 1 of 1
[2025-10-28T12:11:46.945+0000] {taskinstance.py:2330} INFO - Executing <Mapped(_PythonDecoratedOperator): generate_and_save_batch> on 2025-10-28 12:11:43.041151+00:00
[2025-10-28T12:11:46.959+0000] {standard_task_runner.py:63} INFO - Started process 1558 to run task
[2025-10-28T12:11:46.964+0000] {standard_task_runner.py:90} INFO - Running: ['***', 'tasks', 'run', 'ai_data_generator_1M', 'generate_and_save_batch', 'manual__2025-10-28T12:11:43.041151+00:00', '--job-id', '526', '--raw', '--subdir', 'DAGS_FOLDER/generate_1m_users_dag.py', '--cfg-path', '/tmp/tmpsh173fqw', '--map-index', '6']
[2025-10-28T12:11:46.969+0000] {standard_task_runner.py:91} INFO - Job 526: Subtask generate_and_save_batch
[2025-10-28T12:11:47.175+0000] {task_command.py:426} INFO - Running <TaskInstance: ai_data_generator_1M.generate_and_save_batch manual__2025-10-28T12:11:43.041151+00:00 map_index=6 [running]> on host 1e5e75951a6b
[2025-10-28T12:11:47.513+0000] {taskinstance.py:2648} INFO - Exporting env vars: AIRFLOW_CTX_DAG_OWNER='***' AIRFLOW_CTX_DAG_ID='ai_data_generator_1M' AIRFLOW_CTX_TASK_ID='generate_and_save_batch' AIRFLOW_CTX_EXECUTION_DATE='2025-10-28T12:11:43.041151+00:00' AIRFLOW_CTX_TRY_NUMBER='1' AIRFLOW_CTX_DAG_RUN_ID='manual__2025-10-28T12:11:43.041151+00:00'
[2025-10-28T12:11:47.528+0000] {taskinstance.py:430} INFO - ::endgroup::
[2025-10-28T12:11:47.863+0000] {logging_mixin.py:188} INFO - --- Starting batch 6 ---
[2025-10-28T12:11:47.867+0000] {taskinstance.py:441} INFO - ::group::Post task execution logs
[2025-10-28T12:11:47.870+0000] {taskinstance.py:2905} ERROR - Task failed with exception
Traceback (most recent call last):
  File "/home/airflow/.local/lib/python3.11/site-packages/airflow/models/taskinstance.py", line 465, in _execute_task
    result = _execute_callable(context=context, **execute_callable_kwargs)
             ^^^^^^^^^^^^^^^^^^^^^^^^^^^^^^^^^^^^^^^^^^^^^^^^^^^^^^^^^^^^^
  File "/home/airflow/.local/lib/python3.11/site-packages/airflow/models/taskinstance.py", line 432, in _execute_callable
    return execute_callable(context=context, **execute_callable_kwargs)
           ^^^^^^^^^^^^^^^^^^^^^^^^^^^^^^^^^^^^^^^^^^^^^^^^^^^^^^^^^^^^
  File "/home/airflow/.local/lib/python3.11/site-packages/airflow/models/baseoperator.py", line 401, in wrapper
    return func(self, *args, **kwargs)
           ^^^^^^^^^^^^^^^^^^^^^^^^^^^
  File "/home/airflow/.local/lib/python3.11/site-packages/airflow/decorators/base.py", line 265, in execute
    return_value = super().execute(context)
                   ^^^^^^^^^^^^^^^^^^^^^^^^
  File "/home/airflow/.local/lib/python3.11/site-packages/airflow/models/baseoperator.py", line 401, in wrapper
    return func(self, *args, **kwargs)
           ^^^^^^^^^^^^^^^^^^^^^^^^^^^
  File "/home/airflow/.local/lib/python3.11/site-packages/airflow/operators/python.py", line 235, in execute
    return_value = self.execute_callable()
                   ^^^^^^^^^^^^^^^^^^^^^^^
  File "/home/airflow/.local/lib/python3.11/site-packages/airflow/operators/python.py", line 252, in execute_callable
    return self.python_callable(*self.op_args, **self.op_kwargs)
           ^^^^^^^^^^^^^^^^^^^^^^^^^^^^^^^^^^^^^^^^^^^^^^^^^^^^^
  File "/opt/airflow/dags/generate_1m_users_dag.py", line 55, in generate_and_save_batch
    data = [generate_data() for _ in range(ROWS_PER_BATCH)]
           ^^^^^^^^^^^^^^^^^^^^^^^^^^^^^^^^^^^^^^^^^^^^^^^^
  File "/opt/airflow/dags/generate_1m_users_dag.py", line 55, in <listcomp>
    data = [generate_data() for _ in range(ROWS_PER_BATCH)]
            ^^^^^^^^^^^^^^^
  File "/opt/airflow/dags/utils/generator.py", line 19, in generate_data
    "product_name": fake.ecommerce_name(),
                    ^^^^^^^^^^^^^^^^^^^
  File "/home/airflow/.local/lib/python3.11/site-packages/faker/proxy.py", line 130, in __getattr__
    return getattr(self._factories[0], attr)
           ^^^^^^^^^^^^^^^^^^^^^^^^^^^^^^^^^
AttributeError: 'Generator' object has no attribute 'ecommerce_name'
[2025-10-28T12:11:47.913+0000] {taskinstance.py:1206} INFO - Marking task as FAILED. dag_id=ai_data_generator_1M, task_id=generate_and_save_batch, run_id=manual__2025-10-28T12:11:43.041151+00:00, map_index=6, execution_date=20251028T121143, start_date=20251028T121146, end_date=20251028T121147
[2025-10-28T12:11:47.936+0000] {standard_task_runner.py:110} ERROR - Failed to execute job 526 for task generate_and_save_batch ('Generator' object has no attribute 'ecommerce_name'; 1558)
[2025-10-28T12:11:47.970+0000] {local_task_job_runner.py:240} INFO - Task exited with return code 1
[2025-10-28T12:11:48.014+0000] {taskinstance.py:3503} INFO - 0 downstream tasks scheduled from follow-on schedule check
[2025-10-28T12:11:48.033+0000] {local_task_job_runner.py:222} INFO - ::endgroup::
