[2025-11-03T05:35:55.232+0000] {local_task_job_runner.py:120} INFO - ::group::Pre task execution logs
[2025-11-03T05:35:55.286+0000] {taskinstance.py:2076} INFO - Dependencies all met for dep_context=non-requeueable deps ti=<TaskInstance: ai_database_generator.clear_previous_data manual__2025-11-03T05:35:54.503409+00:00 [queued]>
[2025-11-03T05:35:55.299+0000] {taskinstance.py:2076} INFO - Dependencies all met for dep_context=requeueable deps ti=<TaskInstance: ai_database_generator.clear_previous_data manual__2025-11-03T05:35:54.503409+00:00 [queued]>
[2025-11-03T05:35:55.300+0000] {taskinstance.py:2306} INFO - Starting attempt 1 of 1
[2025-11-03T05:35:55.330+0000] {taskinstance.py:2330} INFO - Executing <Task(_PythonDecoratedOperator): clear_previous_data> on 2025-11-03 05:35:54.503409+00:00
[2025-11-03T05:35:55.341+0000] {standard_task_runner.py:63} INFO - Started process 528 to run task
[2025-11-03T05:35:55.347+0000] {standard_task_runner.py:90} INFO - Running: ['***', 'tasks', 'run', 'ai_database_generator', 'clear_previous_data', 'manual__2025-11-03T05:35:54.503409+00:00', '--job-id', '1267', '--raw', '--subdir', 'DAGS_FOLDER/ai_database_generator_dag.py', '--cfg-path', '/tmp/tmptbx39kde']
[2025-11-03T05:35:55.352+0000] {standard_task_runner.py:91} INFO - Job 1267: Subtask clear_previous_data
[2025-11-03T05:35:55.471+0000] {task_command.py:426} INFO - Running <TaskInstance: ai_database_generator.clear_previous_data manual__2025-11-03T05:35:54.503409+00:00 [running]> on host a52de7a1027c
[2025-11-03T05:35:55.971+0000] {taskinstance.py:2648} INFO - Exporting env vars: AIRFLOW_CTX_DAG_OWNER='***' AIRFLOW_CTX_DAG_ID='ai_database_generator' AIRFLOW_CTX_TASK_ID='clear_previous_data' AIRFLOW_CTX_EXECUTION_DATE='2025-11-03T05:35:54.503409+00:00' AIRFLOW_CTX_TRY_NUMBER='1' AIRFLOW_CTX_DAG_RUN_ID='manual__2025-11-03T05:35:54.503409+00:00'
[2025-11-03T05:35:55.972+0000] {taskinstance.py:430} INFO - ::endgroup::
[2025-11-03T05:35:55.973+0000] {logging_mixin.py:188} INFO - Clearing old data from /opt/***/data/generated_users...
[2025-11-03T05:35:55.979+0000] {logging_mixin.py:188} INFO - Removed students.parquet
[2025-11-03T05:35:55.982+0000] {logging_mixin.py:188} INFO - Removed teachers.parquet
[2025-11-03T05:35:55.983+0000] {logging_mixin.py:188} INFO - Cleared 2 files.
[2025-11-03T05:35:55.983+0000] {python.py:237} INFO - Done. Returned value was: None
[2025-11-03T05:35:55.984+0000] {taskinstance.py:441} INFO - ::group::Post task execution logs
[2025-11-03T05:35:56.002+0000] {taskinstance.py:1206} INFO - Marking task as SUCCESS. dag_id=ai_database_generator, task_id=clear_previous_data, run_id=manual__2025-11-03T05:35:54.503409+00:00, execution_date=20251103T053554, start_date=20251103T053555, end_date=20251103T053556
[2025-11-03T05:35:56.083+0000] {local_task_job_runner.py:240} INFO - Task exited with return code 0
[2025-11-03T05:35:56.120+0000] {taskinstance.py:3503} INFO - 1 downstream tasks scheduled from follow-on schedule check
[2025-11-03T05:35:56.132+0000] {local_task_job_runner.py:222} INFO - ::endgroup::
