[2025-10-29T11:30:43.463+0000] {local_task_job_runner.py:120} INFO - ::group::Pre task execution logs
[2025-10-29T11:30:43.510+0000] {taskinstance.py:2076} INFO - Dependencies all met for dep_context=non-requeueable deps ti=<TaskInstance: ai_database_generator.run_database_generation_script manual__2025-10-29T11:30:41.249177+00:00 [queued]>
[2025-10-29T11:30:43.519+0000] {taskinstance.py:2076} INFO - Dependencies all met for dep_context=requeueable deps ti=<TaskInstance: ai_database_generator.run_database_generation_script manual__2025-10-29T11:30:41.249177+00:00 [queued]>
[2025-10-29T11:30:43.520+0000] {taskinstance.py:2306} INFO - Starting attempt 1 of 1
[2025-10-29T11:30:43.536+0000] {taskinstance.py:2330} INFO - Executing <Task(_PythonDecoratedOperator): run_database_generation_script> on 2025-10-29 11:30:41.249177+00:00
[2025-10-29T11:30:43.547+0000] {standard_task_runner.py:63} INFO - Started process 872 to run task
[2025-10-29T11:30:43.551+0000] {standard_task_runner.py:90} INFO - Running: ['***', 'tasks', 'run', 'ai_database_generator', 'run_database_generation_script', 'manual__2025-10-29T11:30:41.249177+00:00', '--job-id', '1254', '--raw', '--subdir', 'DAGS_FOLDER/ai_database_generator_dag.py', '--cfg-path', '/tmp/tmp2ps18ps_']
[2025-10-29T11:30:43.555+0000] {standard_task_runner.py:91} INFO - Job 1254: Subtask run_database_generation_script
[2025-10-29T11:30:43.659+0000] {task_command.py:426} INFO - Running <TaskInstance: ai_database_generator.run_database_generation_script manual__2025-10-29T11:30:41.249177+00:00 [running]> on host f0dfdcdd2a7c
[2025-10-29T11:30:43.968+0000] {taskinstance.py:2648} INFO - Exporting env vars: AIRFLOW_CTX_DAG_OWNER='***' AIRFLOW_CTX_DAG_ID='ai_database_generator' AIRFLOW_CTX_TASK_ID='run_database_generation_script' AIRFLOW_CTX_EXECUTION_DATE='2025-10-29T11:30:41.249177+00:00' AIRFLOW_CTX_TRY_NUMBER='1' AIRFLOW_CTX_DAG_RUN_ID='manual__2025-10-29T11:30:41.249177+00:00'
[2025-10-29T11:30:43.972+0000] {taskinstance.py:430} INFO - ::endgroup::
[2025-10-29T11:30:43.973+0000] {logging_mixin.py:188} INFO - Importing AI-generated script...
[2025-10-29T11:30:44.620+0000] {logging_mixin.py:188} INFO - --- Starting Database Generation ---
[2025-10-29T11:30:44.622+0000] {logging_mixin.py:188} INFO - Output directory '/opt/***/data/generated_users' is ready.
[2025-10-29T11:30:44.623+0000] {logging_mixin.py:188} INFO - 
Generating 'stores' table...
[2025-10-29T11:30:44.995+0000] {logging_mixin.py:188} INFO - -> Saved 'stores.parquet' with 1000 rows.
[2025-10-29T11:30:44.996+0000] {logging_mixin.py:188} INFO - 
Generating 'products' table (batched)...
[2025-10-29T11:30:46.570+0000] {logging_mixin.py:188} INFO -   ...processing batch ending at row 100000
[2025-10-29T11:30:47.725+0000] {logging_mixin.py:188} INFO -   ...processing batch ending at row 200000
[2025-10-29T11:30:48.864+0000] {logging_mixin.py:188} INFO -   ...processing batch ending at row 300000
[2025-10-29T11:30:49.986+0000] {logging_mixin.py:188} INFO -   ...processing batch ending at row 400000
[2025-10-29T11:30:51.042+0000] {logging_mixin.py:188} INFO -   ...processing batch ending at row 500000
[2025-10-29T11:30:52.129+0000] {logging_mixin.py:188} INFO -   ...processing batch ending at row 600000
[2025-10-29T11:30:53.225+0000] {logging_mixin.py:188} INFO -   ...processing batch ending at row 700000
[2025-10-29T11:30:54.545+0000] {logging_mixin.py:188} INFO -   ...processing batch ending at row 800000
[2025-10-29T11:30:55.850+0000] {logging_mixin.py:188} INFO -   ...processing batch ending at row 900000
[2025-10-29T11:30:56.704+0000] {logging_mixin.py:188} INFO - -> Saved 'products.parquet' with 900000 rows.
[2025-10-29T11:30:56.704+0000] {logging_mixin.py:188} INFO - 
Generating 'customers' table (batched)...
[2025-10-29T11:31:22.071+0000] {logging_mixin.py:188} INFO -   ...processing batch ending at row 100000
[2025-10-29T11:31:47.824+0000] {logging_mixin.py:188} INFO -   ...processing batch ending at row 200000
[2025-10-29T11:32:13.769+0000] {logging_mixin.py:188} INFO -   ...processing batch ending at row 300000
[2025-10-29T11:32:37.262+0000] {logging_mixin.py:188} INFO -   ...processing batch ending at row 400000
[2025-10-29T11:33:02.821+0000] {logging_mixin.py:188} INFO -   ...processing batch ending at row 500000
[2025-10-29T11:33:27.995+0000] {logging_mixin.py:188} INFO -   ...processing batch ending at row 600000
[2025-10-29T11:33:53.724+0000] {logging_mixin.py:188} INFO -   ...processing batch ending at row 700000
[2025-10-29T11:34:19.100+0000] {logging_mixin.py:188} INFO -   ...processing batch ending at row 800000
[2025-10-29T11:34:42.911+0000] {logging_mixin.py:188} INFO -   ...processing batch ending at row 900000
[2025-10-29T11:35:08.515+0000] {logging_mixin.py:188} INFO -   ...processing batch ending at row 1000000
[2025-10-29T11:35:09.886+0000] {logging_mixin.py:188} INFO - -> Saved 'customers.parquet' with 1000000 rows.
[2025-10-29T11:35:09.887+0000] {logging_mixin.py:188} INFO - 
Generating 'sales' table (batched)...
[2025-10-29T11:35:10.967+0000] {logging_mixin.py:188} INFO -   ...processing batch ending at row 100000
[2025-10-29T11:35:12.128+0000] {logging_mixin.py:188} INFO -   ...processing batch ending at row 200000
[2025-10-29T11:35:13.433+0000] {logging_mixin.py:188} INFO -   ...processing batch ending at row 300000
[2025-10-29T11:35:14.779+0000] {logging_mixin.py:188} INFO -   ...processing batch ending at row 400000
[2025-10-29T11:35:15.902+0000] {logging_mixin.py:188} INFO -   ...processing batch ending at row 500000
[2025-10-29T11:35:17.040+0000] {logging_mixin.py:188} INFO -   ...processing batch ending at row 600000
[2025-10-29T11:35:19.006+0000] {logging_mixin.py:188} INFO -   ...processing batch ending at row 700000
[2025-10-29T11:35:20.901+0000] {logging_mixin.py:188} INFO - -> Saved 'sales.parquet' with 700000 rows.
[2025-10-29T11:35:20.901+0000] {logging_mixin.py:188} INFO - 
All data generation complete.
[2025-10-29T11:35:21.438+0000] {logging_mixin.py:188} INFO - --- Database Generation Complete ---
[2025-10-29T11:35:21.440+0000] {python.py:237} INFO - Done. Returned value was: None
[2025-10-29T11:35:21.440+0000] {taskinstance.py:441} INFO - ::group::Post task execution logs
[2025-10-29T11:35:21.459+0000] {taskinstance.py:1206} INFO - Marking task as SUCCESS. dag_id=ai_database_generator, task_id=run_database_generation_script, run_id=manual__2025-10-29T11:30:41.249177+00:00, execution_date=20251029T113041, start_date=20251029T113043, end_date=20251029T113521
[2025-10-29T11:35:21.565+0000] {local_task_job_runner.py:240} INFO - Task exited with return code 0
[2025-10-29T11:35:21.745+0000] {taskinstance.py:3503} INFO - 0 downstream tasks scheduled from follow-on schedule check
[2025-10-29T11:35:21.747+0000] {local_task_job_runner.py:222} INFO - ::endgroup::
