[2025-10-28T05:37:53.545+0000] {local_task_job_runner.py:120} INFO - ::group::Pre task execution logs
[2025-10-28T05:37:53.572+0000] {taskinstance.py:2076} INFO - Dependencies all met for dep_context=non-requeueable deps ti=<TaskInstance: synthetic_data_generator.combine_files manual__2025-10-28T05:26:27.075195+00:00 [queued]>
[2025-10-28T05:37:53.578+0000] {taskinstance.py:2076} INFO - Dependencies all met for dep_context=requeueable deps ti=<TaskInstance: synthetic_data_generator.combine_files manual__2025-10-28T05:26:27.075195+00:00 [queued]>
[2025-10-28T05:37:53.579+0000] {taskinstance.py:2306} INFO - Starting attempt 1 of 1
[2025-10-28T05:37:53.587+0000] {taskinstance.py:2330} INFO - Executing <Task(_PythonDecoratedOperator): combine_files> on 2025-10-28 05:26:27.075195+00:00
[2025-10-28T05:37:53.597+0000] {logging_mixin.py:188} WARNING - /home/***/.local/lib/python3.12/site-packages/***/task/task_runner/standard_task_runner.py:61 DeprecationWarning: This process (pid=834) is multi-threaded, use of fork() may lead to deadlocks in the child.
[2025-10-28T05:37:53.597+0000] {standard_task_runner.py:90} INFO - Running: ['***', 'tasks', 'run', 'synthetic_data_generator', 'combine_files', 'manual__2025-10-28T05:26:27.075195+00:00', '--job-id', '69', '--raw', '--subdir', 'DAGS_FOLDER/gemini_data_generation_dag.py', '--cfg-path', '/tmp/tmp9d4zlf6v']
[2025-10-28T05:37:53.598+0000] {standard_task_runner.py:63} INFO - Started process 836 to run task
[2025-10-28T05:37:53.598+0000] {standard_task_runner.py:91} INFO - Job 69: Subtask combine_files
[2025-10-28T05:37:53.655+0000] {task_command.py:426} INFO - Running <TaskInstance: synthetic_data_generator.combine_files manual__2025-10-28T05:26:27.075195+00:00 [running]> on host 224e531ad030
[2025-10-28T05:37:53.752+0000] {taskinstance.py:2648} INFO - Exporting env vars: AIRFLOW_CTX_DAG_OWNER='***' AIRFLOW_CTX_DAG_ID='synthetic_data_generator' AIRFLOW_CTX_TASK_ID='combine_files' AIRFLOW_CTX_EXECUTION_DATE='2025-10-28T05:26:27.075195+00:00' AIRFLOW_CTX_TRY_NUMBER='1' AIRFLOW_CTX_DAG_RUN_ID='manual__2025-10-28T05:26:27.075195+00:00'
[2025-10-28T05:37:53.753+0000] {taskinstance.py:430} INFO - ::endgroup::
[2025-10-28T05:37:53.754+0000] {logging_mixin.py:188} INFO - Combining 1 batch files into /opt/***/data/pipeline_runs/manual__2025-10-28T05:26:27.075195+00:00/final_output.csv
[2025-10-28T05:37:53.778+0000] {logging_mixin.py:188} INFO - Successfully created final output file: /opt/***/data/pipeline_runs/manual__2025-10-28T05:26:27.075195+00:00/final_output.csv
[2025-10-28T05:37:53.784+0000] {python.py:237} INFO - Done. Returned value was: /opt/***/data/pipeline_runs/manual__2025-10-28T05:26:27.075195+00:00/final_output.csv
[2025-10-28T05:37:53.785+0000] {taskinstance.py:441} INFO - ::group::Post task execution logs
[2025-10-28T05:37:53.803+0000] {taskinstance.py:1206} INFO - Marking task as SUCCESS. dag_id=synthetic_data_generator, task_id=combine_files, run_id=manual__2025-10-28T05:26:27.075195+00:00, execution_date=20251028T052627, start_date=20251028T053753, end_date=20251028T053753
[2025-10-28T05:37:53.852+0000] {local_task_job_runner.py:240} INFO - Task exited with return code 0
[2025-10-28T05:37:53.869+0000] {taskinstance.py:3503} INFO - 0 downstream tasks scheduled from follow-on schedule check
[2025-10-28T05:37:53.871+0000] {local_task_job_runner.py:222} INFO - ::endgroup::
