[2025-10-30T09:59:34.713+0000] {local_task_job_runner.py:120} INFO - ::group::Pre task execution logs
[2025-10-30T09:59:34.741+0000] {taskinstance.py:2076} INFO - Dependencies all met for dep_context=non-requeueable deps ti=<TaskInstance: ai_database_generator.run_database_generation_script manual__2025-10-30T09:59:33.300396+00:00 [queued]>
[2025-10-30T09:59:34.747+0000] {taskinstance.py:2076} INFO - Dependencies all met for dep_context=requeueable deps ti=<TaskInstance: ai_database_generator.run_database_generation_script manual__2025-10-30T09:59:33.300396+00:00 [queued]>
[2025-10-30T09:59:34.747+0000] {taskinstance.py:2306} INFO - Starting attempt 1 of 1
[2025-10-30T09:59:34.755+0000] {taskinstance.py:2330} INFO - Executing <Task(_PythonDecoratedOperator): run_database_generation_script> on 2025-10-30 09:59:33.300396+00:00
[2025-10-30T09:59:34.761+0000] {standard_task_runner.py:63} INFO - Started process 8725 to run task
[2025-10-30T09:59:34.764+0000] {standard_task_runner.py:90} INFO - Running: ['***', 'tasks', 'run', 'ai_database_generator', 'run_database_generation_script', 'manual__2025-10-30T09:59:33.300396+00:00', '--job-id', '1257', '--raw', '--subdir', 'DAGS_FOLDER/ai_database_generator_dag.py', '--cfg-path', '/tmp/tmp3jcov_1l']
[2025-10-30T09:59:34.766+0000] {standard_task_runner.py:91} INFO - Job 1257: Subtask run_database_generation_script
[2025-10-30T09:59:34.834+0000] {task_command.py:426} INFO - Running <TaskInstance: ai_database_generator.run_database_generation_script manual__2025-10-30T09:59:33.300396+00:00 [running]> on host f0dfdcdd2a7c
[2025-10-30T09:59:35.056+0000] {taskinstance.py:2648} INFO - Exporting env vars: AIRFLOW_CTX_DAG_OWNER='***' AIRFLOW_CTX_DAG_ID='ai_database_generator' AIRFLOW_CTX_TASK_ID='run_database_generation_script' AIRFLOW_CTX_EXECUTION_DATE='2025-10-30T09:59:33.300396+00:00' AIRFLOW_CTX_TRY_NUMBER='1' AIRFLOW_CTX_DAG_RUN_ID='manual__2025-10-30T09:59:33.300396+00:00'
[2025-10-30T09:59:35.057+0000] {taskinstance.py:430} INFO - ::endgroup::
[2025-10-30T09:59:35.057+0000] {logging_mixin.py:188} INFO - Importing AI-generated script...
[2025-10-30T09:59:35.458+0000] {logging_mixin.py:188} INFO - --- Starting Database Generation ---
[2025-10-30T09:59:35.459+0000] {logging_mixin.py:188} INFO - Output directory '/opt/***/data/generated_users' is ready.
[2025-10-30T09:59:35.496+0000] {logging_mixin.py:188} INFO - 
Generating 'student' table...
[2025-10-30T09:59:35.736+0000] {logging_mixin.py:188} INFO - Successfully generated and saved 1000 rows to /opt/***/data/generated_users/student.parquet
[2025-10-30T09:59:35.736+0000] {logging_mixin.py:188} INFO - 
Generating 'store_id' table...
[2025-10-30T09:59:36.225+0000] {logging_mixin.py:188} INFO - Successfully generated and saved 3000 rows to /opt/***/data/generated_users/store_id.parquet
[2025-10-30T09:59:36.225+0000] {logging_mixin.py:188} INFO - 
Generating 'products' table...
[2025-10-30T09:59:36.551+0000] {logging_mixin.py:188} INFO - Successfully generated and saved 30000 rows to /opt/***/data/generated_users/products.parquet
[2025-10-30T09:59:36.552+0000] {logging_mixin.py:188} INFO - 
Generating 'sales' table...
[2025-10-30T09:59:40.513+0000] {logging_mixin.py:188} INFO - Successfully generated and saved 100000 rows to /opt/***/data/generated_users/sales.parquet
[2025-10-30T09:59:40.513+0000] {logging_mixin.py:188} INFO - 
All data generation complete.
[2025-10-30T09:59:40.551+0000] {logging_mixin.py:188} INFO - --- Database Generation Complete ---
[2025-10-30T09:59:40.551+0000] {python.py:237} INFO - Done. Returned value was: None
[2025-10-30T09:59:40.551+0000] {taskinstance.py:441} INFO - ::group::Post task execution logs
[2025-10-30T09:59:40.562+0000] {taskinstance.py:1206} INFO - Marking task as SUCCESS. dag_id=ai_database_generator, task_id=run_database_generation_script, run_id=manual__2025-10-30T09:59:33.300396+00:00, execution_date=20251030T095933, start_date=20251030T095934, end_date=20251030T095940
[2025-10-30T09:59:40.632+0000] {local_task_job_runner.py:240} INFO - Task exited with return code 0
[2025-10-30T09:59:40.650+0000] {taskinstance.py:3503} INFO - 0 downstream tasks scheduled from follow-on schedule check
[2025-10-30T09:59:40.651+0000] {local_task_job_runner.py:222} INFO - ::endgroup::
