[2025-10-29T10:22:34.279+0000] {local_task_job_runner.py:120} INFO - ::group::Pre task execution logs
[2025-10-29T10:22:34.305+0000] {taskinstance.py:2076} INFO - Dependencies all met for dep_context=non-requeueable deps ti=<TaskInstance: ai_database_generator.clear_previous_data manual__2025-10-29T10:22:33.525368+00:00 [queued]>
[2025-10-29T10:22:34.310+0000] {taskinstance.py:2076} INFO - Dependencies all met for dep_context=requeueable deps ti=<TaskInstance: ai_database_generator.clear_previous_data manual__2025-10-29T10:22:33.525368+00:00 [queued]>
[2025-10-29T10:22:34.310+0000] {taskinstance.py:2306} INFO - Starting attempt 1 of 1
[2025-10-29T10:22:34.318+0000] {taskinstance.py:2330} INFO - Executing <Task(_PythonDecoratedOperator): clear_previous_data> on 2025-10-29 10:22:33.525368+00:00
[2025-10-29T10:22:34.323+0000] {standard_task_runner.py:63} INFO - Started process 355 to run task
[2025-10-29T10:22:34.326+0000] {standard_task_runner.py:90} INFO - Running: ['***', 'tasks', 'run', 'ai_database_generator', 'clear_previous_data', 'manual__2025-10-29T10:22:33.525368+00:00', '--job-id', '1245', '--raw', '--subdir', 'DAGS_FOLDER/ai_database_generator_dag.py', '--cfg-path', '/tmp/tmpict_hau0']
[2025-10-29T10:22:34.328+0000] {standard_task_runner.py:91} INFO - Job 1245: Subtask clear_previous_data
[2025-10-29T10:22:34.383+0000] {task_command.py:426} INFO - Running <TaskInstance: ai_database_generator.clear_previous_data manual__2025-10-29T10:22:33.525368+00:00 [running]> on host 6666c09bc4ea
[2025-10-29T10:22:34.596+0000] {taskinstance.py:2648} INFO - Exporting env vars: AIRFLOW_CTX_DAG_OWNER='***' AIRFLOW_CTX_DAG_ID='ai_database_generator' AIRFLOW_CTX_TASK_ID='clear_previous_data' AIRFLOW_CTX_EXECUTION_DATE='2025-10-29T10:22:33.525368+00:00' AIRFLOW_CTX_TRY_NUMBER='1' AIRFLOW_CTX_DAG_RUN_ID='manual__2025-10-29T10:22:33.525368+00:00'
[2025-10-29T10:22:34.597+0000] {taskinstance.py:430} INFO - ::endgroup::
[2025-10-29T10:22:34.597+0000] {logging_mixin.py:188} INFO - Clearing old data from /opt/***/data/generated_users...
[2025-10-29T10:22:34.600+0000] {logging_mixin.py:188} INFO - Removed user_batch_000.parquet
[2025-10-29T10:22:34.601+0000] {logging_mixin.py:188} INFO - Removed user_batch_001.parquet
[2025-10-29T10:22:34.602+0000] {logging_mixin.py:188} INFO - Removed user_batch_002.parquet
[2025-10-29T10:22:34.603+0000] {logging_mixin.py:188} INFO - Removed user_batch_003.parquet
[2025-10-29T10:22:34.604+0000] {logging_mixin.py:188} INFO - Removed user_batch_004.parquet
[2025-10-29T10:22:34.606+0000] {logging_mixin.py:188} INFO - Removed user_batch_005.parquet
[2025-10-29T10:22:34.607+0000] {logging_mixin.py:188} INFO - Removed user_batch_006.parquet
[2025-10-29T10:22:34.608+0000] {logging_mixin.py:188} INFO - Removed user_batch_007.parquet
[2025-10-29T10:22:34.609+0000] {logging_mixin.py:188} INFO - Removed user_batch_008.parquet
[2025-10-29T10:22:34.610+0000] {logging_mixin.py:188} INFO - Removed user_batch_009.parquet
[2025-10-29T10:22:34.611+0000] {logging_mixin.py:188} INFO - Removed user_batch_010.parquet
[2025-10-29T10:22:34.613+0000] {logging_mixin.py:188} INFO - Removed user_batch_011.parquet
[2025-10-29T10:22:34.614+0000] {logging_mixin.py:188} INFO - Removed user_batch_012.parquet
[2025-10-29T10:22:34.615+0000] {logging_mixin.py:188} INFO - Removed user_batch_013.parquet
[2025-10-29T10:22:34.616+0000] {logging_mixin.py:188} INFO - Removed user_batch_014.parquet
[2025-10-29T10:22:34.617+0000] {logging_mixin.py:188} INFO - Removed user_batch_015.parquet
[2025-10-29T10:22:34.618+0000] {logging_mixin.py:188} INFO - Removed user_batch_016.parquet
[2025-10-29T10:22:34.619+0000] {logging_mixin.py:188} INFO - Removed user_batch_017.parquet
[2025-10-29T10:22:34.620+0000] {logging_mixin.py:188} INFO - Removed user_batch_018.parquet
[2025-10-29T10:22:34.621+0000] {logging_mixin.py:188} INFO - Removed user_batch_019.parquet
[2025-10-29T10:22:34.623+0000] {logging_mixin.py:188} INFO - Removed user_batch_020.parquet
[2025-10-29T10:22:34.625+0000] {logging_mixin.py:188} INFO - Removed user_batch_021.parquet
[2025-10-29T10:22:34.626+0000] {logging_mixin.py:188} INFO - Removed user_batch_022.parquet
[2025-10-29T10:22:34.627+0000] {logging_mixin.py:188} INFO - Removed user_batch_023.parquet
[2025-10-29T10:22:34.628+0000] {logging_mixin.py:188} INFO - Removed user_batch_024.parquet
[2025-10-29T10:22:34.630+0000] {logging_mixin.py:188} INFO - Removed user_batch_025.parquet
[2025-10-29T10:22:34.631+0000] {logging_mixin.py:188} INFO - Removed user_batch_026.parquet
[2025-10-29T10:22:34.632+0000] {logging_mixin.py:188} INFO - Removed user_batch_027.parquet
[2025-10-29T10:22:34.633+0000] {logging_mixin.py:188} INFO - Removed user_batch_028.parquet
[2025-10-29T10:22:34.634+0000] {logging_mixin.py:188} INFO - Removed user_batch_029.parquet
[2025-10-29T10:22:34.635+0000] {logging_mixin.py:188} INFO - Removed user_batch_030.parquet
[2025-10-29T10:22:34.636+0000] {logging_mixin.py:188} INFO - Removed user_batch_031.parquet
[2025-10-29T10:22:34.637+0000] {logging_mixin.py:188} INFO - Removed user_batch_032.parquet
[2025-10-29T10:22:34.639+0000] {logging_mixin.py:188} INFO - Removed user_batch_033.parquet
[2025-10-29T10:22:34.640+0000] {logging_mixin.py:188} INFO - Removed user_batch_034.parquet
[2025-10-29T10:22:34.641+0000] {logging_mixin.py:188} INFO - Removed user_batch_035.parquet
[2025-10-29T10:22:34.642+0000] {logging_mixin.py:188} INFO - Removed user_batch_036.parquet
[2025-10-29T10:22:34.643+0000] {logging_mixin.py:188} INFO - Removed user_batch_037.parquet
[2025-10-29T10:22:34.644+0000] {logging_mixin.py:188} INFO - Removed user_batch_038.parquet
[2025-10-29T10:22:34.645+0000] {logging_mixin.py:188} INFO - Removed user_batch_039.parquet
[2025-10-29T10:22:34.646+0000] {logging_mixin.py:188} INFO - Removed user_batch_040.parquet
[2025-10-29T10:22:34.648+0000] {logging_mixin.py:188} INFO - Removed user_batch_041.parquet
[2025-10-29T10:22:34.649+0000] {logging_mixin.py:188} INFO - Removed user_batch_042.parquet
[2025-10-29T10:22:34.650+0000] {logging_mixin.py:188} INFO - Removed user_batch_043.parquet
[2025-10-29T10:22:34.652+0000] {logging_mixin.py:188} INFO - Removed user_batch_044.parquet
[2025-10-29T10:22:34.653+0000] {logging_mixin.py:188} INFO - Removed user_batch_045.parquet
[2025-10-29T10:22:34.654+0000] {logging_mixin.py:188} INFO - Removed user_batch_046.parquet
[2025-10-29T10:22:34.655+0000] {logging_mixin.py:188} INFO - Removed user_batch_047.parquet
[2025-10-29T10:22:34.656+0000] {logging_mixin.py:188} INFO - Removed user_batch_048.parquet
[2025-10-29T10:22:34.657+0000] {logging_mixin.py:188} INFO - Removed user_batch_049.parquet
[2025-10-29T10:22:34.658+0000] {logging_mixin.py:188} INFO - Removed user_batch_050.parquet
[2025-10-29T10:22:34.660+0000] {logging_mixin.py:188} INFO - Removed user_batch_051.parquet
[2025-10-29T10:22:34.661+0000] {logging_mixin.py:188} INFO - Removed user_batch_052.parquet
[2025-10-29T10:22:34.662+0000] {logging_mixin.py:188} INFO - Removed user_batch_053.parquet
[2025-10-29T10:22:34.663+0000] {logging_mixin.py:188} INFO - Removed user_batch_054.parquet
[2025-10-29T10:22:34.664+0000] {logging_mixin.py:188} INFO - Removed user_batch_055.parquet
[2025-10-29T10:22:34.665+0000] {logging_mixin.py:188} INFO - Removed user_batch_056.parquet
[2025-10-29T10:22:34.666+0000] {logging_mixin.py:188} INFO - Removed user_batch_057.parquet
[2025-10-29T10:22:34.667+0000] {logging_mixin.py:188} INFO - Removed user_batch_058.parquet
[2025-10-29T10:22:34.668+0000] {logging_mixin.py:188} INFO - Removed user_batch_059.parquet
[2025-10-29T10:22:34.670+0000] {logging_mixin.py:188} INFO - Removed user_batch_060.parquet
[2025-10-29T10:22:34.671+0000] {logging_mixin.py:188} INFO - Removed user_batch_061.parquet
[2025-10-29T10:22:34.672+0000] {logging_mixin.py:188} INFO - Removed user_batch_062.parquet
[2025-10-29T10:22:34.674+0000] {logging_mixin.py:188} INFO - Removed user_batch_063.parquet
[2025-10-29T10:22:34.675+0000] {logging_mixin.py:188} INFO - Removed user_batch_064.parquet
[2025-10-29T10:22:34.676+0000] {logging_mixin.py:188} INFO - Removed user_batch_065.parquet
[2025-10-29T10:22:34.677+0000] {logging_mixin.py:188} INFO - Removed user_batch_066.parquet
[2025-10-29T10:22:34.678+0000] {logging_mixin.py:188} INFO - Removed user_batch_067.parquet
[2025-10-29T10:22:34.679+0000] {logging_mixin.py:188} INFO - Removed user_batch_068.parquet
[2025-10-29T10:22:34.680+0000] {logging_mixin.py:188} INFO - Removed user_batch_069.parquet
[2025-10-29T10:22:34.681+0000] {logging_mixin.py:188} INFO - Removed user_batch_070.parquet
[2025-10-29T10:22:34.682+0000] {logging_mixin.py:188} INFO - Removed user_batch_071.parquet
[2025-10-29T10:22:34.683+0000] {logging_mixin.py:188} INFO - Removed user_batch_072.parquet
[2025-10-29T10:22:34.685+0000] {logging_mixin.py:188} INFO - Removed user_batch_073.parquet
[2025-10-29T10:22:34.686+0000] {logging_mixin.py:188} INFO - Removed user_batch_074.parquet
[2025-10-29T10:22:34.687+0000] {logging_mixin.py:188} INFO - Removed user_batch_075.parquet
[2025-10-29T10:22:34.688+0000] {logging_mixin.py:188} INFO - Removed user_batch_076.parquet
[2025-10-29T10:22:34.689+0000] {logging_mixin.py:188} INFO - Removed user_batch_077.parquet
[2025-10-29T10:22:34.690+0000] {logging_mixin.py:188} INFO - Removed user_batch_078.parquet
[2025-10-29T10:22:34.692+0000] {logging_mixin.py:188} INFO - Removed user_batch_079.parquet
[2025-10-29T10:22:34.693+0000] {logging_mixin.py:188} INFO - Removed user_batch_080.parquet
[2025-10-29T10:22:34.694+0000] {logging_mixin.py:188} INFO - Removed user_batch_081.parquet
[2025-10-29T10:22:34.695+0000] {logging_mixin.py:188} INFO - Removed user_batch_082.parquet
[2025-10-29T10:22:34.696+0000] {logging_mixin.py:188} INFO - Removed user_batch_083.parquet
[2025-10-29T10:22:34.697+0000] {logging_mixin.py:188} INFO - Removed user_batch_084.parquet
[2025-10-29T10:22:34.698+0000] {logging_mixin.py:188} INFO - Removed user_batch_085.parquet
[2025-10-29T10:22:34.699+0000] {logging_mixin.py:188} INFO - Removed user_batch_086.parquet
[2025-10-29T10:22:34.701+0000] {logging_mixin.py:188} INFO - Removed user_batch_087.parquet
[2025-10-29T10:22:34.702+0000] {logging_mixin.py:188} INFO - Removed user_batch_088.parquet
[2025-10-29T10:22:34.703+0000] {logging_mixin.py:188} INFO - Removed user_batch_089.parquet
[2025-10-29T10:22:34.704+0000] {logging_mixin.py:188} INFO - Removed user_batch_090.parquet
[2025-10-29T10:22:34.705+0000] {logging_mixin.py:188} INFO - Removed user_batch_091.parquet
[2025-10-29T10:22:34.706+0000] {logging_mixin.py:188} INFO - Removed user_batch_092.parquet
[2025-10-29T10:22:34.707+0000] {logging_mixin.py:188} INFO - Removed user_batch_093.parquet
[2025-10-29T10:22:34.708+0000] {logging_mixin.py:188} INFO - Removed user_batch_094.parquet
[2025-10-29T10:22:34.709+0000] {logging_mixin.py:188} INFO - Removed user_batch_095.parquet
[2025-10-29T10:22:34.711+0000] {logging_mixin.py:188} INFO - Removed user_batch_096.parquet
[2025-10-29T10:22:34.712+0000] {logging_mixin.py:188} INFO - Removed user_batch_097.parquet
[2025-10-29T10:22:34.713+0000] {logging_mixin.py:188} INFO - Removed user_batch_098.parquet
[2025-10-29T10:22:34.714+0000] {logging_mixin.py:188} INFO - Removed user_batch_099.parquet
[2025-10-29T10:22:34.714+0000] {logging_mixin.py:188} INFO - Cleared 100 files.
[2025-10-29T10:22:34.714+0000] {python.py:237} INFO - Done. Returned value was: None
[2025-10-29T10:22:34.714+0000] {taskinstance.py:441} INFO - ::group::Post task execution logs
[2025-10-29T10:22:34.723+0000] {taskinstance.py:1206} INFO - Marking task as SUCCESS. dag_id=ai_database_generator, task_id=clear_previous_data, run_id=manual__2025-10-29T10:22:33.525368+00:00, execution_date=20251029T102233, start_date=20251029T102234, end_date=20251029T102234
[2025-10-29T10:22:34.779+0000] {local_task_job_runner.py:240} INFO - Task exited with return code 0
[2025-10-29T10:22:34.797+0000] {taskinstance.py:3503} INFO - 1 downstream tasks scheduled from follow-on schedule check
[2025-10-29T10:22:34.799+0000] {local_task_job_runner.py:222} INFO - ::endgroup::
