[2025-10-31T09:35:22.491+0000] {local_task_job_runner.py:120} INFO - ::group::Pre task execution logs
[2025-10-31T09:35:22.548+0000] {taskinstance.py:2076} INFO - Dependencies all met for dep_context=non-requeueable deps ti=<TaskInstance: ai_database_generator.clear_previous_data manual__2025-10-31T09:35:21.360073+00:00 [queued]>
[2025-10-31T09:35:22.556+0000] {taskinstance.py:2076} INFO - Dependencies all met for dep_context=requeueable deps ti=<TaskInstance: ai_database_generator.clear_previous_data manual__2025-10-31T09:35:21.360073+00:00 [queued]>
[2025-10-31T09:35:22.556+0000] {taskinstance.py:2306} INFO - Starting attempt 1 of 1
[2025-10-31T09:35:22.568+0000] {taskinstance.py:2330} INFO - Executing <Task(_PythonDecoratedOperator): clear_previous_data> on 2025-10-31 09:35:21.360073+00:00
[2025-10-31T09:35:22.574+0000] {standard_task_runner.py:63} INFO - Started process 3872 to run task
[2025-10-31T09:35:22.578+0000] {standard_task_runner.py:90} INFO - Running: ['***', 'tasks', 'run', 'ai_database_generator', 'clear_previous_data', 'manual__2025-10-31T09:35:21.360073+00:00', '--job-id', '1259', '--raw', '--subdir', 'DAGS_FOLDER/ai_database_generator_dag.py', '--cfg-path', '/tmp/tmpw8t_1gab']
[2025-10-31T09:35:22.581+0000] {standard_task_runner.py:91} INFO - Job 1259: Subtask clear_previous_data
[2025-10-31T09:35:22.652+0000] {task_command.py:426} INFO - Running <TaskInstance: ai_database_generator.clear_previous_data manual__2025-10-31T09:35:21.360073+00:00 [running]> on host f0dfdcdd2a7c
[2025-10-31T09:35:23.107+0000] {taskinstance.py:2648} INFO - Exporting env vars: AIRFLOW_CTX_DAG_OWNER='***' AIRFLOW_CTX_DAG_ID='ai_database_generator' AIRFLOW_CTX_TASK_ID='clear_previous_data' AIRFLOW_CTX_EXECUTION_DATE='2025-10-31T09:35:21.360073+00:00' AIRFLOW_CTX_TRY_NUMBER='1' AIRFLOW_CTX_DAG_RUN_ID='manual__2025-10-31T09:35:21.360073+00:00'
[2025-10-31T09:35:23.108+0000] {taskinstance.py:430} INFO - ::endgroup::
[2025-10-31T09:35:23.109+0000] {logging_mixin.py:188} INFO - Clearing old data from /opt/***/data/generated_users...
[2025-10-31T09:35:23.112+0000] {logging_mixin.py:188} INFO - Removed products.parquet
[2025-10-31T09:35:23.114+0000] {logging_mixin.py:188} INFO - Removed sales.parquet
[2025-10-31T09:35:23.115+0000] {logging_mixin.py:188} INFO - Removed store_id.parquet
[2025-10-31T09:35:23.116+0000] {logging_mixin.py:188} INFO - Removed student.parquet
[2025-10-31T09:35:23.117+0000] {logging_mixin.py:188} INFO - Cleared 4 files.
[2025-10-31T09:35:23.117+0000] {python.py:237} INFO - Done. Returned value was: None
[2025-10-31T09:35:23.117+0000] {taskinstance.py:441} INFO - ::group::Post task execution logs
[2025-10-31T09:35:23.127+0000] {taskinstance.py:1206} INFO - Marking task as SUCCESS. dag_id=ai_database_generator, task_id=clear_previous_data, run_id=manual__2025-10-31T09:35:21.360073+00:00, execution_date=20251031T093521, start_date=20251031T093522, end_date=20251031T093523
[2025-10-31T09:35:23.155+0000] {local_task_job_runner.py:240} INFO - Task exited with return code 0
[2025-10-31T09:35:23.176+0000] {taskinstance.py:3503} INFO - 1 downstream tasks scheduled from follow-on schedule check
[2025-10-31T09:35:23.178+0000] {local_task_job_runner.py:222} INFO - ::endgroup::
