[2025-10-28T05:26:29.611+0000] {local_task_job_runner.py:120} INFO - ::group::Pre task execution logs
[2025-10-28T05:26:29.635+0000] {taskinstance.py:2076} INFO - Dependencies all met for dep_context=non-requeueable deps ti=<TaskInstance: synthetic_data_generator.prepare_batches manual__2025-10-28T05:26:27.075195+00:00 [queued]>
[2025-10-28T05:26:29.641+0000] {taskinstance.py:2076} INFO - Dependencies all met for dep_context=requeueable deps ti=<TaskInstance: synthetic_data_generator.prepare_batches manual__2025-10-28T05:26:27.075195+00:00 [queued]>
[2025-10-28T05:26:29.642+0000] {taskinstance.py:2306} INFO - Starting attempt 1 of 1
[2025-10-28T05:26:29.649+0000] {taskinstance.py:2330} INFO - Executing <Task(_PythonDecoratedOperator): prepare_batches> on 2025-10-28 05:26:27.075195+00:00
[2025-10-28T05:26:29.659+0000] {logging_mixin.py:188} WARNING - /home/***/.local/lib/python3.12/site-packages/***/task/task_runner/standard_task_runner.py:61 DeprecationWarning: This process (pid=243) is multi-threaded, use of fork() may lead to deadlocks in the child.
[2025-10-28T05:26:29.659+0000] {standard_task_runner.py:90} INFO - Running: ['***', 'tasks', 'run', 'synthetic_data_generator', 'prepare_batches', 'manual__2025-10-28T05:26:27.075195+00:00', '--job-id', '67', '--raw', '--subdir', 'DAGS_FOLDER/gemini_data_generation_dag.py', '--cfg-path', '/tmp/tmpd9qd1ei4']
[2025-10-28T05:26:29.660+0000] {standard_task_runner.py:63} INFO - Started process 245 to run task
[2025-10-28T05:26:29.661+0000] {standard_task_runner.py:91} INFO - Job 67: Subtask prepare_batches
[2025-10-28T05:26:29.722+0000] {task_command.py:426} INFO - Running <TaskInstance: synthetic_data_generator.prepare_batches manual__2025-10-28T05:26:27.075195+00:00 [running]> on host 224e531ad030
[2025-10-28T05:26:29.808+0000] {taskinstance.py:2648} INFO - Exporting env vars: AIRFLOW_CTX_DAG_OWNER='***' AIRFLOW_CTX_DAG_ID='synthetic_data_generator' AIRFLOW_CTX_TASK_ID='prepare_batches' AIRFLOW_CTX_EXECUTION_DATE='2025-10-28T05:26:27.075195+00:00' AIRFLOW_CTX_TRY_NUMBER='1' AIRFLOW_CTX_DAG_RUN_ID='manual__2025-10-28T05:26:27.075195+00:00'
[2025-10-28T05:26:29.810+0000] {taskinstance.py:430} INFO - ::endgroup::
[2025-10-28T05:26:29.812+0000] {logging_mixin.py:188} INFO - Starting Run: manual__2025-10-28T05:26:27.075195+00:00
[2025-10-28T05:26:29.812+0000] {logging_mixin.py:188} INFO - Total Rows: 500
[2025-10-28T05:26:29.812+0000] {logging_mixin.py:188} INFO - Batch Size: 500
[2025-10-28T05:26:29.812+0000] {logging_mixin.py:188} INFO - Number of Batches: 1
[2025-10-28T05:26:29.813+0000] {python.py:237} INFO - Done. Returned value was: [{'batch_id': 0, 'rows': 500, 'prompt': 'fraud data', 'format': 'csv', 'output_path': '/opt/***/data/temp/manual__2025-10-28T05:26:27.075195+00:00/batch_0000.csv', 'run_id': 'manual__2025-10-28T05:26:27.075195+00:00'}]
[2025-10-28T05:26:29.813+0000] {taskinstance.py:441} INFO - ::group::Post task execution logs
[2025-10-28T05:26:29.838+0000] {taskinstance.py:1206} INFO - Marking task as SUCCESS. dag_id=synthetic_data_generator, task_id=prepare_batches, run_id=manual__2025-10-28T05:26:27.075195+00:00, execution_date=20251028T052627, start_date=20251028T052629, end_date=20251028T052629
[2025-10-28T05:26:29.874+0000] {local_task_job_runner.py:240} INFO - Task exited with return code 0
[2025-10-28T05:26:29.884+0000] {local_task_job_runner.py:222} INFO - ::endgroup::
