[2025-11-04T05:53:20.198+0000] {local_task_job_runner.py:120} INFO - ::group::Pre task execution logs
[2025-11-04T05:53:20.254+0000] {taskinstance.py:2076} INFO - Dependencies all met for dep_context=non-requeueable deps ti=<TaskInstance: ai_database_generator.run_database_generation_script manual__2025-11-04T05:52:45.581009+00:00 [queued]>
[2025-11-04T05:53:20.264+0000] {taskinstance.py:2076} INFO - Dependencies all met for dep_context=requeueable deps ti=<TaskInstance: ai_database_generator.run_database_generation_script manual__2025-11-04T05:52:45.581009+00:00 [queued]>
[2025-11-04T05:53:20.264+0000] {taskinstance.py:2306} INFO - Starting attempt 1 of 1
[2025-11-04T05:53:20.281+0000] {taskinstance.py:2330} INFO - Executing <Task(_PythonDecoratedOperator): run_database_generation_script> on 2025-11-04 05:52:45.581009+00:00
[2025-11-04T05:53:20.288+0000] {standard_task_runner.py:63} INFO - Started process 633 to run task
[2025-11-04T05:53:20.292+0000] {standard_task_runner.py:90} INFO - Running: ['***', 'tasks', 'run', 'ai_database_generator', 'run_database_generation_script', 'manual__2025-11-04T05:52:45.581009+00:00', '--job-id', '3', '--raw', '--subdir', 'DAGS_FOLDER/ai_database_generator_dag.py', '--cfg-path', '/tmp/tmpys52bc2l']
[2025-11-04T05:53:20.295+0000] {standard_task_runner.py:91} INFO - Job 3: Subtask run_database_generation_script
[2025-11-04T05:53:20.406+0000] {task_command.py:426} INFO - Running <TaskInstance: ai_database_generator.run_database_generation_script manual__2025-11-04T05:52:45.581009+00:00 [running]> on host 9f4e20d9e6ec
[2025-11-04T05:53:20.682+0000] {taskinstance.py:2648} INFO - Exporting env vars: AIRFLOW_CTX_DAG_OWNER='***' AIRFLOW_CTX_DAG_ID='ai_database_generator' AIRFLOW_CTX_TASK_ID='run_database_generation_script' AIRFLOW_CTX_EXECUTION_DATE='2025-11-04T05:52:45.581009+00:00' AIRFLOW_CTX_TRY_NUMBER='1' AIRFLOW_CTX_DAG_RUN_ID='manual__2025-11-04T05:52:45.581009+00:00'
[2025-11-04T05:53:20.683+0000] {taskinstance.py:430} INFO - ::endgroup::
[2025-11-04T05:53:20.684+0000] {logging_mixin.py:188} INFO - Importing AI-generated script...
[2025-11-04T05:53:21.134+0000] {logging_mixin.py:188} INFO - --- Starting Database Generation ---
[2025-11-04T05:53:21.171+0000] {logging_mixin.py:188} INFO - Starting data generation process...
[2025-11-04T05:53:21.172+0000] {logging_mixin.py:188} INFO - 
Generating Branches table (100 rows)...
[2025-11-04T05:53:21.223+0000] {logging_mixin.py:188} INFO - -> Branches table saved to /opt/***/data/generated_users/Branches.parquet
[2025-11-04T05:53:21.223+0000] {logging_mixin.py:188} INFO - 
Generating Customers table (10,000 rows)...
[2025-11-04T05:53:26.667+0000] {logging_mixin.py:188} INFO - -> Customers table saved to /opt/***/data/generated_users/Customers.parquet
[2025-11-04T05:53:26.668+0000] {logging_mixin.py:188} INFO - 
Generating Accounts table (25,000 rows)...
[2025-11-04T05:53:27.632+0000] {logging_mixin.py:188} INFO - -> Accounts table saved to /opt/***/data/generated_users/Accounts.parquet
[2025-11-04T05:53:27.633+0000] {logging_mixin.py:188} INFO - 
Generating Transactions table (1,000,000 rows)...
[2025-11-04T05:53:27.633+0000] {logging_mixin.py:188} INFO -   - Generating batch 1/10...
[2025-11-04T05:53:31.009+0000] {logging_mixin.py:188} INFO -   - Generating batch 2/10...
[2025-11-04T05:53:34.193+0000] {logging_mixin.py:188} INFO -   - Generating batch 3/10...
[2025-11-04T05:53:37.007+0000] {logging_mixin.py:188} INFO -   - Generating batch 4/10...
[2025-11-04T05:53:40.487+0000] {logging_mixin.py:188} INFO -   - Generating batch 5/10...
[2025-11-04T05:53:43.536+0000] {logging_mixin.py:188} INFO -   - Generating batch 6/10...
[2025-11-04T05:53:46.500+0000] {logging_mixin.py:188} INFO -   - Generating batch 7/10...
[2025-11-04T05:53:49.727+0000] {logging_mixin.py:188} INFO -   - Generating batch 8/10...
[2025-11-04T05:53:52.844+0000] {logging_mixin.py:188} INFO -   - Generating batch 9/10...
[2025-11-04T05:53:56.680+0000] {logging_mixin.py:188} INFO -   - Generating batch 10/10...
[2025-11-04T05:53:59.592+0000] {logging_mixin.py:188} INFO - -> Transactions table saved to /opt/***/data/generated_users/Transactions.parquet
[2025-11-04T05:53:59.593+0000] {logging_mixin.py:188} INFO - 
All data generation complete.
[2025-11-04T05:53:59.647+0000] {logging_mixin.py:188} INFO - --- Database Generation Complete ---
[2025-11-04T05:53:59.648+0000] {python.py:237} INFO - Done. Returned value was: None
[2025-11-04T05:53:59.649+0000] {taskinstance.py:441} INFO - ::group::Post task execution logs
[2025-11-04T05:53:59.662+0000] {taskinstance.py:1206} INFO - Marking task as SUCCESS. dag_id=ai_database_generator, task_id=run_database_generation_script, run_id=manual__2025-11-04T05:52:45.581009+00:00, execution_date=20251104T055245, start_date=20251104T055320, end_date=20251104T055359
[2025-11-04T05:53:59.723+0000] {local_task_job_runner.py:240} INFO - Task exited with return code 0
[2025-11-04T05:53:59.744+0000] {taskinstance.py:3503} INFO - 0 downstream tasks scheduled from follow-on schedule check
[2025-11-04T05:53:59.746+0000] {local_task_job_runner.py:222} INFO - ::endgroup::
