[2025-10-27T13:49:10.372+0000] {local_task_job_runner.py:120} INFO - ::group::Pre task execution logs
[2025-10-27T13:49:10.419+0000] {taskinstance.py:2076} INFO - Dependencies all met for dep_context=non-requeueable deps ti=<TaskInstance: synthetic_data_generator.combine_files manual__2025-10-27T19:18:00+05:30 [queued]>
[2025-10-27T13:49:10.430+0000] {taskinstance.py:2076} INFO - Dependencies all met for dep_context=requeueable deps ti=<TaskInstance: synthetic_data_generator.combine_files manual__2025-10-27T19:18:00+05:30 [queued]>
[2025-10-27T13:49:10.432+0000] {taskinstance.py:2306} INFO - Starting attempt 1 of 1
[2025-10-27T13:49:10.447+0000] {taskinstance.py:2330} INFO - Executing <Task(_PythonDecoratedOperator): combine_files> on 2025-10-27 13:48:00+00:00
[2025-10-27T13:49:10.464+0000] {logging_mixin.py:188} WARNING - /home/***/.local/lib/python3.12/site-packages/***/task/task_runner/standard_task_runner.py:61 DeprecationWarning: This process (pid=319) is multi-threaded, use of fork() may lead to deadlocks in the child.
[2025-10-27T13:49:10.463+0000] {standard_task_runner.py:90} INFO - Running: ['***', 'tasks', 'run', 'synthetic_data_generator', 'combine_files', 'manual__2025-10-27T19:18:00+05:30', '--job-id', '35', '--raw', '--subdir', 'DAGS_FOLDER/gemini_data_generation_dag.py', '--cfg-path', '/tmp/tmpdcnqsbv1']
[2025-10-27T13:49:10.466+0000] {standard_task_runner.py:63} INFO - Started process 321 to run task
[2025-10-27T13:49:10.467+0000] {standard_task_runner.py:91} INFO - Job 35: Subtask combine_files
[2025-10-27T13:49:10.576+0000] {task_command.py:426} INFO - Running <TaskInstance: synthetic_data_generator.combine_files manual__2025-10-27T19:18:00+05:30 [running]> on host ed38eeb66423
[2025-10-27T13:49:10.740+0000] {taskinstance.py:2648} INFO - Exporting env vars: AIRFLOW_CTX_DAG_OWNER='***' AIRFLOW_CTX_DAG_ID='synthetic_data_generator' AIRFLOW_CTX_TASK_ID='combine_files' AIRFLOW_CTX_EXECUTION_DATE='2025-10-27T13:48:00+00:00' AIRFLOW_CTX_TRY_NUMBER='1' AIRFLOW_CTX_DAG_RUN_ID='manual__2025-10-27T19:18:00+05:30'
[2025-10-27T13:49:10.742+0000] {taskinstance.py:430} INFO - ::endgroup::
[2025-10-27T13:49:10.744+0000] {logging_mixin.py:188} INFO - Combining 1 batch files into /opt/***/data/pipeline_runs/manual__2025-10-27T19:18:00+05:30/final_output.csv
[2025-10-27T13:49:10.786+0000] {logging_mixin.py:188} INFO - Successfully created final output file: /opt/***/data/pipeline_runs/manual__2025-10-27T19:18:00+05:30/final_output.csv
[2025-10-27T13:49:10.797+0000] {python.py:237} INFO - Done. Returned value was: /opt/***/data/pipeline_runs/manual__2025-10-27T19:18:00+05:30/final_output.csv
[2025-10-27T13:49:10.801+0000] {taskinstance.py:441} INFO - ::group::Post task execution logs
[2025-10-27T13:49:10.836+0000] {taskinstance.py:1206} INFO - Marking task as SUCCESS. dag_id=synthetic_data_generator, task_id=combine_files, run_id=manual__2025-10-27T19:18:00+05:30, execution_date=20251027T134800, start_date=20251027T134910, end_date=20251027T134910
[2025-10-27T13:49:10.882+0000] {local_task_job_runner.py:240} INFO - Task exited with return code 0
[2025-10-27T13:49:10.911+0000] {taskinstance.py:3503} INFO - 0 downstream tasks scheduled from follow-on schedule check
[2025-10-27T13:49:10.914+0000] {local_task_job_runner.py:222} INFO - ::endgroup::
