[2025-10-28T11:40:42.991+0000] {local_task_job_runner.py:120} INFO - ::group::Pre task execution logs
[2025-10-28T11:40:43.055+0000] {taskinstance.py:2076} INFO - Dependencies all met for dep_context=non-requeueable deps ti=<TaskInstance: ai_data_generator_1M.generate_and_save_batch manual__2025-10-28T11:40:24.487926+00:00 map_index=76 [queued]>
[2025-10-28T11:40:43.075+0000] {taskinstance.py:2076} INFO - Dependencies all met for dep_context=requeueable deps ti=<TaskInstance: ai_data_generator_1M.generate_and_save_batch manual__2025-10-28T11:40:24.487926+00:00 map_index=76 [queued]>
[2025-10-28T11:40:43.077+0000] {taskinstance.py:2306} INFO - Starting attempt 1 of 1
[2025-10-28T11:40:43.116+0000] {taskinstance.py:2330} INFO - Executing <Mapped(_PythonDecoratedOperator): generate_and_save_batch> on 2025-10-28 11:40:24.487926+00:00
[2025-10-28T11:40:43.137+0000] {standard_task_runner.py:63} INFO - Started process 600 to run task
[2025-10-28T11:40:43.141+0000] {standard_task_runner.py:90} INFO - Running: ['***', 'tasks', 'run', 'ai_data_generator_1M', 'generate_and_save_batch', 'manual__2025-10-28T11:40:24.487926+00:00', '--job-id', '283', '--raw', '--subdir', 'DAGS_FOLDER/generate_1m_users_dag.py', '--cfg-path', '/tmp/tmpab97k_me', '--map-index', '76']
[2025-10-28T11:40:43.147+0000] {standard_task_runner.py:91} INFO - Job 283: Subtask generate_and_save_batch
[2025-10-28T11:40:43.284+0000] {task_command.py:426} INFO - Running <TaskInstance: ai_data_generator_1M.generate_and_save_batch manual__2025-10-28T11:40:24.487926+00:00 map_index=76 [running]> on host 7c3ad5650a95
[2025-10-28T11:40:43.521+0000] {taskinstance.py:2648} INFO - Exporting env vars: AIRFLOW_CTX_DAG_OWNER='***' AIRFLOW_CTX_DAG_ID='ai_data_generator_1M' AIRFLOW_CTX_TASK_ID='generate_and_save_batch' AIRFLOW_CTX_EXECUTION_DATE='2025-10-28T11:40:24.487926+00:00' AIRFLOW_CTX_TRY_NUMBER='1' AIRFLOW_CTX_DAG_RUN_ID='manual__2025-10-28T11:40:24.487926+00:00'
[2025-10-28T11:40:43.529+0000] {taskinstance.py:430} INFO - ::endgroup::
[2025-10-28T11:40:43.778+0000] {logging_mixin.py:188} INFO - --- Starting batch 76 ---
[2025-10-28T11:40:43.780+0000] {taskinstance.py:441} INFO - ::group::Post task execution logs
[2025-10-28T11:40:43.782+0000] {taskinstance.py:2905} ERROR - Task failed with exception
Traceback (most recent call last):
  File "/home/airflow/.local/lib/python3.11/site-packages/airflow/models/taskinstance.py", line 465, in _execute_task
    result = _execute_callable(context=context, **execute_callable_kwargs)
             ^^^^^^^^^^^^^^^^^^^^^^^^^^^^^^^^^^^^^^^^^^^^^^^^^^^^^^^^^^^^^
  File "/home/airflow/.local/lib/python3.11/site-packages/airflow/models/taskinstance.py", line 432, in _execute_callable
    return execute_callable(context=context, **execute_callable_kwargs)
           ^^^^^^^^^^^^^^^^^^^^^^^^^^^^^^^^^^^^^^^^^^^^^^^^^^^^^^^^^^^^
  File "/home/airflow/.local/lib/python3.11/site-packages/airflow/models/baseoperator.py", line 401, in wrapper
    return func(self, *args, **kwargs)
           ^^^^^^^^^^^^^^^^^^^^^^^^^^^
  File "/home/airflow/.local/lib/python3.11/site-packages/airflow/decorators/base.py", line 265, in execute
    return_value = super().execute(context)
                   ^^^^^^^^^^^^^^^^^^^^^^^^
  File "/home/airflow/.local/lib/python3.11/site-packages/airflow/models/baseoperator.py", line 401, in wrapper
    return func(self, *args, **kwargs)
           ^^^^^^^^^^^^^^^^^^^^^^^^^^^
  File "/home/airflow/.local/lib/python3.11/site-packages/airflow/operators/python.py", line 235, in execute
    return_value = self.execute_callable()
                   ^^^^^^^^^^^^^^^^^^^^^^^
  File "/home/airflow/.local/lib/python3.11/site-packages/airflow/operators/python.py", line 252, in execute_callable
    return self.python_callable(*self.op_args, **self.op_kwargs)
           ^^^^^^^^^^^^^^^^^^^^^^^^^^^^^^^^^^^^^^^^^^^^^^^^^^^^^
  File "/opt/airflow/dags/generate_1m_users_dag.py", line 55, in generate_and_save_batch
    data = [generate_data() for _ in range(ROWS_PER_BATCH)]
           ^^^^^^^^^^^^^^^^^^^^^^^^^^^^^^^^^^^^^^^^^^^^^^^^
  File "/opt/airflow/dags/generate_1m_users_dag.py", line 55, in <listcomp>
    data = [generate_data() for _ in range(ROWS_PER_BATCH)]
            ^^^^^^^^^^^^^^^
  File "/opt/airflow/dags/utils/generator.py", line 17, in generate_data
    "product_name": fake.commerce_product_name(),
                    ^^^^^^^^^^^^^^^^^^^^^^^^^^
  File "/home/airflow/.local/lib/python3.11/site-packages/faker/proxy.py", line 130, in __getattr__
    return getattr(self._factories[0], attr)
           ^^^^^^^^^^^^^^^^^^^^^^^^^^^^^^^^^
AttributeError: 'Generator' object has no attribute 'commerce_product_name'
[2025-10-28T11:40:43.824+0000] {taskinstance.py:1206} INFO - Marking task as FAILED. dag_id=ai_data_generator_1M, task_id=generate_and_save_batch, run_id=manual__2025-10-28T11:40:24.487926+00:00, map_index=76, execution_date=20251028T114024, start_date=20251028T114043, end_date=20251028T114043
[2025-10-28T11:40:43.857+0000] {standard_task_runner.py:110} ERROR - Failed to execute job 283 for task generate_and_save_batch ('Generator' object has no attribute 'commerce_product_name'; 600)
[2025-10-28T11:40:43.895+0000] {local_task_job_runner.py:240} INFO - Task exited with return code 1
[2025-10-28T11:40:43.936+0000] {taskinstance.py:3503} INFO - 0 downstream tasks scheduled from follow-on schedule check
[2025-10-28T11:40:43.940+0000] {local_task_job_runner.py:222} INFO - ::endgroup::
