[2025-11-04T05:53:29.094+0000] {local_task_job_runner.py:120} INFO - ::group::Pre task execution logs
[2025-11-04T05:53:29.134+0000] {taskinstance.py:2076} INFO - Dependencies all met for dep_context=non-requeueable deps ti=<TaskInstance: ai_database_generator.run_database_generation_script manual__2025-11-04T05:53:26.858687+00:00 [queued]>
[2025-11-04T05:53:29.143+0000] {taskinstance.py:2076} INFO - Dependencies all met for dep_context=requeueable deps ti=<TaskInstance: ai_database_generator.run_database_generation_script manual__2025-11-04T05:53:26.858687+00:00 [queued]>
[2025-11-04T05:53:29.143+0000] {taskinstance.py:2306} INFO - Starting attempt 1 of 1
[2025-11-04T05:53:29.154+0000] {taskinstance.py:2330} INFO - Executing <Task(_PythonDecoratedOperator): run_database_generation_script> on 2025-11-04 05:53:26.858687+00:00
[2025-11-04T05:53:29.163+0000] {standard_task_runner.py:63} INFO - Started process 660 to run task
[2025-11-04T05:53:29.167+0000] {standard_task_runner.py:90} INFO - Running: ['***', 'tasks', 'run', 'ai_database_generator', 'run_database_generation_script', 'manual__2025-11-04T05:53:26.858687+00:00', '--job-id', '5', '--raw', '--subdir', 'DAGS_FOLDER/ai_database_generator_dag.py', '--cfg-path', '/tmp/tmp48i1q1oa']
[2025-11-04T05:53:29.169+0000] {standard_task_runner.py:91} INFO - Job 5: Subtask run_database_generation_script
[2025-11-04T05:53:29.249+0000] {task_command.py:426} INFO - Running <TaskInstance: ai_database_generator.run_database_generation_script manual__2025-11-04T05:53:26.858687+00:00 [running]> on host 9f4e20d9e6ec
[2025-11-04T05:53:29.563+0000] {taskinstance.py:2648} INFO - Exporting env vars: AIRFLOW_CTX_DAG_OWNER='***' AIRFLOW_CTX_DAG_ID='ai_database_generator' AIRFLOW_CTX_TASK_ID='run_database_generation_script' AIRFLOW_CTX_EXECUTION_DATE='2025-11-04T05:53:26.858687+00:00' AIRFLOW_CTX_TRY_NUMBER='1' AIRFLOW_CTX_DAG_RUN_ID='manual__2025-11-04T05:53:26.858687+00:00'
[2025-11-04T05:53:29.565+0000] {taskinstance.py:430} INFO - ::endgroup::
[2025-11-04T05:53:29.565+0000] {logging_mixin.py:188} INFO - Importing AI-generated script...
[2025-11-04T05:53:30.068+0000] {logging_mixin.py:188} INFO - --- Starting Database Generation ---
[2025-11-04T05:53:30.106+0000] {logging_mixin.py:188} INFO - Starting data generation process...
[2025-11-04T05:53:30.107+0000] {logging_mixin.py:188} INFO - 
Generating Branches table (100 rows)...
[2025-11-04T05:53:30.152+0000] {logging_mixin.py:188} INFO - -> Branches table saved to /opt/***/data/generated_users/Branches.parquet
[2025-11-04T05:53:30.152+0000] {logging_mixin.py:188} INFO - 
Generating Customers table (10,000 rows)...
[2025-11-04T05:53:35.520+0000] {logging_mixin.py:188} INFO - -> Customers table saved to /opt/***/data/generated_users/Customers.parquet
[2025-11-04T05:53:35.521+0000] {logging_mixin.py:188} INFO - 
Generating Accounts table (25,000 rows)...
[2025-11-04T05:53:36.292+0000] {logging_mixin.py:188} INFO - -> Accounts table saved to /opt/***/data/generated_users/Accounts.parquet
[2025-11-04T05:53:36.293+0000] {logging_mixin.py:188} INFO - 
Generating Transactions table (1,000,000 rows)...
[2025-11-04T05:53:36.293+0000] {logging_mixin.py:188} INFO -   - Generating batch 1/10...
[2025-11-04T05:53:39.748+0000] {logging_mixin.py:188} INFO -   - Generating batch 2/10...
[2025-11-04T05:53:43.135+0000] {logging_mixin.py:188} INFO -   - Generating batch 3/10...
[2025-11-04T05:53:46.150+0000] {logging_mixin.py:188} INFO -   - Generating batch 4/10...
[2025-11-04T05:53:49.331+0000] {logging_mixin.py:188} INFO -   - Generating batch 5/10...
[2025-11-04T05:53:52.472+0000] {logging_mixin.py:188} INFO -   - Generating batch 6/10...
[2025-11-04T05:53:56.427+0000] {logging_mixin.py:188} INFO -   - Generating batch 7/10...
[2025-11-04T05:53:59.368+0000] {logging_mixin.py:188} INFO -   - Generating batch 8/10...
[2025-11-04T05:54:02.211+0000] {logging_mixin.py:188} INFO -   - Generating batch 9/10...
[2025-11-04T05:54:04.794+0000] {logging_mixin.py:188} INFO -   - Generating batch 10/10...
[2025-11-04T05:54:07.183+0000] {logging_mixin.py:188} INFO - -> Transactions table saved to /opt/***/data/generated_users/Transactions.parquet
[2025-11-04T05:54:07.184+0000] {logging_mixin.py:188} INFO - 
All data generation complete.
[2025-11-04T05:54:07.240+0000] {logging_mixin.py:188} INFO - --- Database Generation Complete ---
[2025-11-04T05:54:07.241+0000] {python.py:237} INFO - Done. Returned value was: None
[2025-11-04T05:54:07.241+0000] {taskinstance.py:441} INFO - ::group::Post task execution logs
[2025-11-04T05:54:07.257+0000] {taskinstance.py:1206} INFO - Marking task as SUCCESS. dag_id=ai_database_generator, task_id=run_database_generation_script, run_id=manual__2025-11-04T05:53:26.858687+00:00, execution_date=20251104T055326, start_date=20251104T055329, end_date=20251104T055407
[2025-11-04T05:54:07.331+0000] {local_task_job_runner.py:240} INFO - Task exited with return code 0
[2025-11-04T05:54:07.354+0000] {taskinstance.py:3503} INFO - 0 downstream tasks scheduled from follow-on schedule check
[2025-11-04T05:54:07.356+0000] {local_task_job_runner.py:222} INFO - ::endgroup::
