[2025-11-04T07:39:07.699+0000] {local_task_job_runner.py:120} INFO - ::group::Pre task execution logs
[2025-11-04T07:39:07.735+0000] {taskinstance.py:2076} INFO - Dependencies all met for dep_context=non-requeueable deps ti=<TaskInstance: ai_database_generator.run_database_generation_script manual__2025-11-04T07:39:05.269900+00:00 [queued]>
[2025-11-04T07:39:07.744+0000] {taskinstance.py:2076} INFO - Dependencies all met for dep_context=requeueable deps ti=<TaskInstance: ai_database_generator.run_database_generation_script manual__2025-11-04T07:39:05.269900+00:00 [queued]>
[2025-11-04T07:39:07.745+0000] {taskinstance.py:2306} INFO - Starting attempt 1 of 1
[2025-11-04T07:39:07.757+0000] {taskinstance.py:2330} INFO - Executing <Task(_PythonDecoratedOperator): run_database_generation_script> on 2025-11-04 07:39:05.269900+00:00
[2025-11-04T07:39:07.764+0000] {standard_task_runner.py:63} INFO - Started process 4407 to run task
[2025-11-04T07:39:07.768+0000] {standard_task_runner.py:90} INFO - Running: ['***', 'tasks', 'run', 'ai_database_generator', 'run_database_generation_script', 'manual__2025-11-04T07:39:05.269900+00:00', '--job-id', '12', '--raw', '--subdir', 'DAGS_FOLDER/ai_database_generator_dag.py', '--cfg-path', '/tmp/tmpittzy4xj']
[2025-11-04T07:39:07.771+0000] {standard_task_runner.py:91} INFO - Job 12: Subtask run_database_generation_script
[2025-11-04T07:39:07.858+0000] {task_command.py:426} INFO - Running <TaskInstance: ai_database_generator.run_database_generation_script manual__2025-11-04T07:39:05.269900+00:00 [running]> on host 06977e674446
[2025-11-04T07:39:08.155+0000] {taskinstance.py:2648} INFO - Exporting env vars: AIRFLOW_CTX_DAG_OWNER='***' AIRFLOW_CTX_DAG_ID='ai_database_generator' AIRFLOW_CTX_TASK_ID='run_database_generation_script' AIRFLOW_CTX_EXECUTION_DATE='2025-11-04T07:39:05.269900+00:00' AIRFLOW_CTX_TRY_NUMBER='1' AIRFLOW_CTX_DAG_RUN_ID='manual__2025-11-04T07:39:05.269900+00:00'
[2025-11-04T07:39:08.155+0000] {taskinstance.py:430} INFO - ::endgroup::
[2025-11-04T07:39:08.156+0000] {logging_mixin.py:188} INFO - Importing AI-generated script...
[2025-11-04T07:39:08.731+0000] {logging_mixin.py:188} INFO - --- Starting Database Generation ---
[2025-11-04T07:39:08.734+0000] {logging_mixin.py:188} INFO - Output directory '/opt/***/data/generated_users' is ready.
[2025-11-04T07:39:08.735+0000] {logging_mixin.py:188} INFO - 
Generating 'Branches' table...
[2025-11-04T07:39:08.816+0000] {logging_mixin.py:188} INFO - Successfully generated and saved 'Branches.parquet' with 100 rows.
[2025-11-04T07:39:08.816+0000] {logging_mixin.py:188} INFO - 
Generating 'Customers' table...
[2025-11-04T07:39:13.876+0000] {logging_mixin.py:188} INFO - Successfully generated and saved 'Customers.parquet' with 10000 rows.
[2025-11-04T07:39:13.877+0000] {logging_mixin.py:188} INFO - 
Generating 'Accounts' table...
[2025-11-04T07:39:14.702+0000] {logging_mixin.py:188} INFO - Successfully generated and saved 'Accounts.parquet' with 25000 rows.
[2025-11-04T07:39:14.702+0000] {logging_mixin.py:188} INFO - 
Generating 'Transactions' table with batching...
[2025-11-04T07:39:14.703+0000] {logging_mixin.py:188} INFO -   Generating batch for rows 1 to 100000...
[2025-11-04T07:39:16.723+0000] {logging_mixin.py:188} INFO -   Generating batch for rows 100001 to 200000...
[2025-11-04T07:39:18.699+0000] {logging_mixin.py:188} INFO -   Generating batch for rows 200001 to 300000...
[2025-11-04T07:39:20.553+0000] {logging_mixin.py:188} INFO -   Generating batch for rows 300001 to 400000...
[2025-11-04T07:39:23.361+0000] {logging_mixin.py:188} INFO -   Generating batch for rows 400001 to 500000...
[2025-11-04T07:39:25.496+0000] {logging_mixin.py:188} INFO -   Generating batch for rows 500001 to 600000...
[2025-11-04T07:39:27.450+0000] {logging_mixin.py:188} INFO -   Generating batch for rows 600001 to 700000...
[2025-11-04T07:39:29.385+0000] {logging_mixin.py:188} INFO -   Generating batch for rows 700001 to 800000...
[2025-11-04T07:39:31.245+0000] {logging_mixin.py:188} INFO -   Generating batch for rows 800001 to 900000...
[2025-11-04T07:39:33.237+0000] {logging_mixin.py:188} INFO -   Generating batch for rows 900001 to 1000000...
[2025-11-04T07:39:35.267+0000] {logging_mixin.py:188} INFO -   Concatenating all transaction batches...
[2025-11-04T07:39:36.100+0000] {logging_mixin.py:188} INFO - Successfully generated and saved 'Transactions.parquet' with 1000000 rows.
[2025-11-04T07:39:36.101+0000] {logging_mixin.py:188} INFO - 
--- All tables generated successfully. ---
[2025-11-04T07:39:36.191+0000] {logging_mixin.py:188} INFO - --- Database Generation Complete ---
[2025-11-04T07:39:36.192+0000] {python.py:237} INFO - Done. Returned value was: None
[2025-11-04T07:39:36.192+0000] {taskinstance.py:441} INFO - ::group::Post task execution logs
[2025-11-04T07:39:36.206+0000] {taskinstance.py:1206} INFO - Marking task as SUCCESS. dag_id=ai_database_generator, task_id=run_database_generation_script, run_id=manual__2025-11-04T07:39:05.269900+00:00, execution_date=20251104T073905, start_date=20251104T073907, end_date=20251104T073936
[2025-11-04T07:39:36.294+0000] {local_task_job_runner.py:240} INFO - Task exited with return code 0
[2025-11-04T07:39:36.493+0000] {taskinstance.py:3503} INFO - 0 downstream tasks scheduled from follow-on schedule check
[2025-11-04T07:39:36.503+0000] {local_task_job_runner.py:222} INFO - ::endgroup::
