[2025-11-04T05:53:27.930+0000] {local_task_job_runner.py:120} INFO - ::group::Pre task execution logs
[2025-11-04T05:53:27.969+0000] {taskinstance.py:2076} INFO - Dependencies all met for dep_context=non-requeueable deps ti=<TaskInstance: ai_database_generator.clear_previous_data manual__2025-11-04T05:53:26.858687+00:00 [queued]>
[2025-11-04T05:53:27.978+0000] {taskinstance.py:2076} INFO - Dependencies all met for dep_context=requeueable deps ti=<TaskInstance: ai_database_generator.clear_previous_data manual__2025-11-04T05:53:26.858687+00:00 [queued]>
[2025-11-04T05:53:27.979+0000] {taskinstance.py:2306} INFO - Starting attempt 1 of 1
[2025-11-04T05:53:27.992+0000] {taskinstance.py:2330} INFO - Executing <Task(_PythonDecoratedOperator): clear_previous_data> on 2025-11-04 05:53:26.858687+00:00
[2025-11-04T05:53:28.001+0000] {standard_task_runner.py:63} INFO - Started process 658 to run task
[2025-11-04T05:53:28.006+0000] {standard_task_runner.py:90} INFO - Running: ['***', 'tasks', 'run', 'ai_database_generator', 'clear_previous_data', 'manual__2025-11-04T05:53:26.858687+00:00', '--job-id', '4', '--raw', '--subdir', 'DAGS_FOLDER/ai_database_generator_dag.py', '--cfg-path', '/tmp/tmpmex5vddo']
[2025-11-04T05:53:28.010+0000] {standard_task_runner.py:91} INFO - Job 4: Subtask clear_previous_data
[2025-11-04T05:53:28.101+0000] {task_command.py:426} INFO - Running <TaskInstance: ai_database_generator.clear_previous_data manual__2025-11-04T05:53:26.858687+00:00 [running]> on host 9f4e20d9e6ec
[2025-11-04T05:53:28.409+0000] {taskinstance.py:2648} INFO - Exporting env vars: AIRFLOW_CTX_DAG_OWNER='***' AIRFLOW_CTX_DAG_ID='ai_database_generator' AIRFLOW_CTX_TASK_ID='clear_previous_data' AIRFLOW_CTX_EXECUTION_DATE='2025-11-04T05:53:26.858687+00:00' AIRFLOW_CTX_TRY_NUMBER='1' AIRFLOW_CTX_DAG_RUN_ID='manual__2025-11-04T05:53:26.858687+00:00'
[2025-11-04T05:53:28.410+0000] {taskinstance.py:430} INFO - ::endgroup::
[2025-11-04T05:53:28.411+0000] {logging_mixin.py:188} INFO - Clearing old data from /opt/***/data/generated_users...
[2025-11-04T05:53:28.416+0000] {logging_mixin.py:188} INFO - Removed Accounts.parquet
[2025-11-04T05:53:28.419+0000] {logging_mixin.py:188} INFO - Removed Branches.parquet
[2025-11-04T05:53:28.422+0000] {logging_mixin.py:188} INFO - Removed Customers.parquet
[2025-11-04T05:53:28.422+0000] {logging_mixin.py:188} INFO - Cleared 3 files.
[2025-11-04T05:53:28.423+0000] {python.py:237} INFO - Done. Returned value was: None
[2025-11-04T05:53:28.423+0000] {taskinstance.py:441} INFO - ::group::Post task execution logs
[2025-11-04T05:53:28.435+0000] {taskinstance.py:1206} INFO - Marking task as SUCCESS. dag_id=ai_database_generator, task_id=clear_previous_data, run_id=manual__2025-11-04T05:53:26.858687+00:00, execution_date=20251104T055326, start_date=20251104T055327, end_date=20251104T055328
[2025-11-04T05:53:28.502+0000] {local_task_job_runner.py:240} INFO - Task exited with return code 0
[2025-11-04T05:53:28.529+0000] {taskinstance.py:3503} INFO - 1 downstream tasks scheduled from follow-on schedule check
[2025-11-04T05:53:28.532+0000] {local_task_job_runner.py:222} INFO - ::endgroup::
