[2025-10-28T05:26:30.641+0000] {local_task_job_runner.py:120} INFO - ::group::Pre task execution logs
[2025-10-28T05:26:30.670+0000] {taskinstance.py:2076} INFO - Dependencies all met for dep_context=non-requeueable deps ti=<TaskInstance: synthetic_data_generator.generate_batch manual__2025-10-28T05:26:27.075195+00:00 map_index=0 [queued]>
[2025-10-28T05:26:30.676+0000] {taskinstance.py:2076} INFO - Dependencies all met for dep_context=requeueable deps ti=<TaskInstance: synthetic_data_generator.generate_batch manual__2025-10-28T05:26:27.075195+00:00 map_index=0 [queued]>
[2025-10-28T05:26:30.681+0000] {taskinstance.py:2306} INFO - Starting attempt 1 of 1
[2025-10-28T05:26:30.690+0000] {taskinstance.py:2330} INFO - Executing <Mapped(_PythonDecoratedOperator): generate_batch> on 2025-10-28 05:26:27.075195+00:00
[2025-10-28T05:26:30.700+0000] {logging_mixin.py:188} WARNING - /home/***/.local/lib/python3.12/site-packages/***/task/task_runner/standard_task_runner.py:61 DeprecationWarning: This process (pid=246) is multi-threaded, use of fork() may lead to deadlocks in the child.
[2025-10-28T05:26:30.700+0000] {standard_task_runner.py:90} INFO - Running: ['***', 'tasks', 'run', 'synthetic_data_generator', 'generate_batch', 'manual__2025-10-28T05:26:27.075195+00:00', '--job-id', '68', '--raw', '--subdir', 'DAGS_FOLDER/gemini_data_generation_dag.py', '--cfg-path', '/tmp/tmp3olmr61w', '--map-index', '0']
[2025-10-28T05:26:30.701+0000] {standard_task_runner.py:63} INFO - Started process 256 to run task
[2025-10-28T05:26:30.701+0000] {standard_task_runner.py:91} INFO - Job 68: Subtask generate_batch
[2025-10-28T05:26:30.763+0000] {task_command.py:426} INFO - Running <TaskInstance: synthetic_data_generator.generate_batch manual__2025-10-28T05:26:27.075195+00:00 map_index=0 [running]> on host 224e531ad030
[2025-10-28T05:26:30.855+0000] {taskinstance.py:2648} INFO - Exporting env vars: AIRFLOW_CTX_DAG_OWNER='***' AIRFLOW_CTX_DAG_ID='synthetic_data_generator' AIRFLOW_CTX_TASK_ID='generate_batch' AIRFLOW_CTX_EXECUTION_DATE='2025-10-28T05:26:27.075195+00:00' AIRFLOW_CTX_TRY_NUMBER='1' AIRFLOW_CTX_DAG_RUN_ID='manual__2025-10-28T05:26:27.075195+00:00'
[2025-10-28T05:26:30.856+0000] {taskinstance.py:430} INFO - ::endgroup::
[2025-10-28T05:32:09.388+0000] {gemini_worker.py:123} WARNING - Attempt 1 failed: Validation failed: CSV validation failed: Error tokenizing data. C error: EOF inside string starting at row 598
[2025-10-28T05:32:09.389+0000] {gemini_worker.py:126} INFO - Retrying in 1.0 seconds...
[2025-10-28T05:37:52.024+0000] {gemini_worker.py:145} INFO - Successfully generated and saved data to /opt/***/data/temp/manual__2025-10-28T05:26:27.075195+00:00/batch_0000.csv
[2025-10-28T05:37:52.025+0000] {python.py:237} INFO - Done. Returned value was: /opt/***/data/temp/manual__2025-10-28T05:26:27.075195+00:00/batch_0000.csv
[2025-10-28T05:37:52.026+0000] {taskinstance.py:441} INFO - ::group::Post task execution logs
[2025-10-28T05:37:52.049+0000] {taskinstance.py:1206} INFO - Marking task as SUCCESS. dag_id=synthetic_data_generator, task_id=generate_batch, run_id=manual__2025-10-28T05:26:27.075195+00:00, map_index=0, execution_date=20251028T052627, start_date=20251028T052630, end_date=20251028T053752
[2025-10-28T05:37:52.101+0000] {local_task_job_runner.py:240} INFO - Task exited with return code 0
[2025-10-28T05:37:52.126+0000] {taskinstance.py:3503} INFO - 1 downstream tasks scheduled from follow-on schedule check
[2025-10-28T05:37:52.128+0000] {local_task_job_runner.py:222} INFO - ::endgroup::
