[2025-10-28T09:23:50.319+0000] {local_task_job_runner.py:120} INFO - ::group::Pre task execution logs
[2025-10-28T09:23:50.346+0000] {taskinstance.py:2076} INFO - Dependencies all met for dep_context=non-requeueable deps ti=<TaskInstance: synthetic_data_generator.generate_batch manual__2025-10-28T09:23:45.435327+00:00 map_index=1 [queued]>
[2025-10-28T09:23:50.353+0000] {taskinstance.py:2076} INFO - Dependencies all met for dep_context=requeueable deps ti=<TaskInstance: synthetic_data_generator.generate_batch manual__2025-10-28T09:23:45.435327+00:00 map_index=1 [queued]>
[2025-10-28T09:23:50.354+0000] {taskinstance.py:2306} INFO - Starting attempt 1 of 1
[2025-10-28T09:23:50.362+0000] {taskinstance.py:2330} INFO - Executing <Mapped(_PythonDecoratedOperator): generate_batch> on 2025-10-28 09:23:45.435327+00:00
[2025-10-28T09:23:50.371+0000] {standard_task_runner.py:90} INFO - Running: ['***', 'tasks', 'run', 'synthetic_data_generator', 'generate_batch', 'manual__2025-10-28T09:23:45.435327+00:00', '--job-id', '106', '--raw', '--subdir', 'DAGS_FOLDER/gemini_data_generation_dag.py', '--cfg-path', '/tmp/tmpuv_k4s5i', '--map-index', '1']
[2025-10-28T09:23:50.372+0000] {logging_mixin.py:188} WARNING - /home/***/.local/lib/python3.12/site-packages/***/task/task_runner/standard_task_runner.py:61 DeprecationWarning: This process (pid=223) is multi-threaded, use of fork() may lead to deadlocks in the child.
[2025-10-28T09:23:50.373+0000] {standard_task_runner.py:91} INFO - Job 106: Subtask generate_batch
[2025-10-28T09:23:50.373+0000] {standard_task_runner.py:63} INFO - Started process 228 to run task
[2025-10-28T09:23:50.431+0000] {task_command.py:426} INFO - Running <TaskInstance: synthetic_data_generator.generate_batch manual__2025-10-28T09:23:45.435327+00:00 map_index=1 [running]> on host 9dfff067a0f3
[2025-10-28T09:23:50.518+0000] {taskinstance.py:2648} INFO - Exporting env vars: AIRFLOW_CTX_DAG_OWNER='***' AIRFLOW_CTX_DAG_ID='synthetic_data_generator' AIRFLOW_CTX_TASK_ID='generate_batch' AIRFLOW_CTX_EXECUTION_DATE='2025-10-28T09:23:45.435327+00:00' AIRFLOW_CTX_TRY_NUMBER='1' AIRFLOW_CTX_DAG_RUN_ID='manual__2025-10-28T09:23:45.435327+00:00'
[2025-10-28T09:23:50.519+0000] {taskinstance.py:430} INFO - ::endgroup::
[2025-10-28T09:30:21.501+0000] {gemini_worker.py:267} WARNING - Attempt 1 failed: Validation failed: Row 514 has 4 columns, expected 17
[2025-10-28T09:30:21.502+0000] {gemini_worker.py:270} INFO - Retrying in 1.0 seconds...
[2025-10-28T09:37:22.626+0000] {gemini_worker.py:267} WARNING - Attempt 2 failed: Validation failed: Row 27 has 1 columns, expected 13
[2025-10-28T09:37:22.626+0000] {gemini_worker.py:270} INFO - Retrying in 2.0 seconds...
[2025-10-28T09:43:52.791+0000] {gemini_worker.py:267} WARNING - Attempt 3 failed: Validation failed: Row 312 has 16 columns, expected 17
[2025-10-28T09:43:52.792+0000] {gemini_worker.py:273} ERROR - All attempts failed: Validation failed: Row 312 has 16 columns, expected 17
[2025-10-28T09:43:52.793+0000] {logging_mixin.py:188} INFO - Error in batch 1: Validation failed: Row 312 has 16 columns, expected 17
[2025-10-28T09:43:52.794+0000] {taskinstance.py:441} INFO - ::group::Post task execution logs
[2025-10-28T09:43:52.795+0000] {taskinstance.py:2905} ERROR - Task failed with exception
Traceback (most recent call last):
  File "/home/airflow/.local/lib/python3.12/site-packages/airflow/models/taskinstance.py", line 465, in _execute_task
    result = _execute_callable(context=context, **execute_callable_kwargs)
             ^^^^^^^^^^^^^^^^^^^^^^^^^^^^^^^^^^^^^^^^^^^^^^^^^^^^^^^^^^^^^
  File "/home/airflow/.local/lib/python3.12/site-packages/airflow/models/taskinstance.py", line 432, in _execute_callable
    return execute_callable(context=context, **execute_callable_kwargs)
           ^^^^^^^^^^^^^^^^^^^^^^^^^^^^^^^^^^^^^^^^^^^^^^^^^^^^^^^^^^^^
  File "/home/airflow/.local/lib/python3.12/site-packages/airflow/models/baseoperator.py", line 401, in wrapper
    return func(self, *args, **kwargs)
           ^^^^^^^^^^^^^^^^^^^^^^^^^^^
  File "/home/airflow/.local/lib/python3.12/site-packages/airflow/decorators/base.py", line 265, in execute
    return_value = super().execute(context)
                   ^^^^^^^^^^^^^^^^^^^^^^^^
  File "/home/airflow/.local/lib/python3.12/site-packages/airflow/models/baseoperator.py", line 401, in wrapper
    return func(self, *args, **kwargs)
           ^^^^^^^^^^^^^^^^^^^^^^^^^^^
  File "/home/airflow/.local/lib/python3.12/site-packages/airflow/operators/python.py", line 235, in execute
    return_value = self.execute_callable()
                   ^^^^^^^^^^^^^^^^^^^^^^^
  File "/home/airflow/.local/lib/python3.12/site-packages/airflow/operators/python.py", line 252, in execute_callable
    return self.python_callable(*self.op_args, **self.op_kwargs)
           ^^^^^^^^^^^^^^^^^^^^^^^^^^^^^^^^^^^^^^^^^^^^^^^^^^^^^
  File "/opt/airflow/dags/gemini_data_generation_dag.py", line 146, in generate_batch
    worker.generate_and_save(
  File "/opt/airflow/scripts/gemini_worker.py", line 285, in generate_and_save
    data = self.generate_data(user_prompt, output_format, row_count)
           ^^^^^^^^^^^^^^^^^^^^^^^^^^^^^^^^^^^^^^^^^^^^^^^^^^^^^^^^^
  File "/opt/airflow/scripts/gemini_worker.py", line 262, in generate_data
    raise ValueError(f"Validation failed: {error_msg}")
ValueError: Validation failed: Row 312 has 16 columns, expected 17
[2025-10-28T09:43:52.824+0000] {taskinstance.py:1206} INFO - Marking task as FAILED. dag_id=synthetic_data_generator, task_id=generate_batch, run_id=manual__2025-10-28T09:23:45.435327+00:00, map_index=1, execution_date=20251028T092345, start_date=20251028T092350, end_date=20251028T094352
[2025-10-28T09:43:52.845+0000] {standard_task_runner.py:110} ERROR - Failed to execute job 106 for task generate_batch (Validation failed: Row 312 has 16 columns, expected 17; 228)
[2025-10-28T09:43:52.885+0000] {local_task_job_runner.py:240} INFO - Task exited with return code 1
[2025-10-28T09:43:52.925+0000] {taskinstance.py:3503} INFO - 0 downstream tasks scheduled from follow-on schedule check
[2025-10-28T09:43:52.932+0000] {local_task_job_runner.py:222} INFO - ::endgroup::
