[2025-10-28T07:20:13.386+0000] {local_task_job_runner.py:120} INFO - ::group::Pre task execution logs
[2025-10-28T07:20:13.428+0000] {taskinstance.py:2076} INFO - Dependencies all met for dep_context=non-requeueable deps ti=<TaskInstance: synthetic_data_generator.prepare_batches manual__2025-10-28T07:20:10.665406+00:00 [queued]>
[2025-10-28T07:20:13.438+0000] {taskinstance.py:2076} INFO - Dependencies all met for dep_context=requeueable deps ti=<TaskInstance: synthetic_data_generator.prepare_batches manual__2025-10-28T07:20:10.665406+00:00 [queued]>
[2025-10-28T07:20:13.439+0000] {taskinstance.py:2306} INFO - Starting attempt 1 of 1
[2025-10-28T07:20:13.455+0000] {taskinstance.py:2330} INFO - Executing <Task(_PythonDecoratedOperator): prepare_batches> on 2025-10-28 07:20:10.665406+00:00
[2025-10-28T07:20:13.473+0000] {logging_mixin.py:188} WARNING - /home/***/.local/lib/python3.12/site-packages/***/task/task_runner/standard_task_runner.py:61 DeprecationWarning: This process (pid=435) is multi-threaded, use of fork() may lead to deadlocks in the child.
[2025-10-28T07:20:13.473+0000] {standard_task_runner.py:90} INFO - Running: ['***', 'tasks', 'run', 'synthetic_data_generator', 'prepare_batches', 'manual__2025-10-28T07:20:10.665406+00:00', '--job-id', '85', '--raw', '--subdir', 'DAGS_FOLDER/gemini_data_generation_dag.py', '--cfg-path', '/tmp/tmp9secpdak']
[2025-10-28T07:20:13.475+0000] {standard_task_runner.py:63} INFO - Started process 437 to run task
[2025-10-28T07:20:13.476+0000] {standard_task_runner.py:91} INFO - Job 85: Subtask prepare_batches
[2025-10-28T07:20:13.581+0000] {task_command.py:426} INFO - Running <TaskInstance: synthetic_data_generator.prepare_batches manual__2025-10-28T07:20:10.665406+00:00 [running]> on host c921c3854be1
[2025-10-28T07:20:13.714+0000] {taskinstance.py:2648} INFO - Exporting env vars: AIRFLOW_CTX_DAG_OWNER='***' AIRFLOW_CTX_DAG_ID='synthetic_data_generator' AIRFLOW_CTX_TASK_ID='prepare_batches' AIRFLOW_CTX_EXECUTION_DATE='2025-10-28T07:20:10.665406+00:00' AIRFLOW_CTX_TRY_NUMBER='1' AIRFLOW_CTX_DAG_RUN_ID='manual__2025-10-28T07:20:10.665406+00:00'
[2025-10-28T07:20:13.716+0000] {taskinstance.py:430} INFO - ::endgroup::
[2025-10-28T07:20:13.719+0000] {logging_mixin.py:188} INFO - Starting Run: manual__2025-10-28T07:20:10.665406+00:00
[2025-10-28T07:20:13.719+0000] {logging_mixin.py:188} INFO - Total Rows: 1500
[2025-10-28T07:20:13.720+0000] {logging_mixin.py:188} INFO - Batch Size: 500
[2025-10-28T07:20:13.721+0000] {logging_mixin.py:188} INFO - Number of Batches: 3
[2025-10-28T07:20:13.721+0000] {python.py:237} INFO - Done. Returned value was: [{'batch_id': 0, 'rows': 500, 'prompt': 'fraud', 'format': 'csv', 'output_path': '/opt/***/data/temp/manual__2025-10-28T07:20:10.665406+00:00/batch_0000.csv', 'run_id': 'manual__2025-10-28T07:20:10.665406+00:00'}, {'batch_id': 1, 'rows': 500, 'prompt': 'fraud', 'format': 'csv', 'output_path': '/opt/***/data/temp/manual__2025-10-28T07:20:10.665406+00:00/batch_0001.csv', 'run_id': 'manual__2025-10-28T07:20:10.665406+00:00'}, {'batch_id': 2, 'rows': 500, 'prompt': 'fraud', 'format': 'csv', 'output_path': '/opt/***/data/temp/manual__2025-10-28T07:20:10.665406+00:00/batch_0002.csv', 'run_id': 'manual__2025-10-28T07:20:10.665406+00:00'}]
[2025-10-28T07:20:13.722+0000] {taskinstance.py:441} INFO - ::group::Post task execution logs
[2025-10-28T07:20:13.767+0000] {taskinstance.py:1206} INFO - Marking task as SUCCESS. dag_id=synthetic_data_generator, task_id=prepare_batches, run_id=manual__2025-10-28T07:20:10.665406+00:00, execution_date=20251028T072010, start_date=20251028T072013, end_date=20251028T072013
[2025-10-28T07:20:13.811+0000] {local_task_job_runner.py:240} INFO - Task exited with return code 0
[2025-10-28T07:20:13.920+0000] {taskinstance.py:3503} INFO - 3 downstream tasks scheduled from follow-on schedule check
[2025-10-28T07:20:13.933+0000] {local_task_job_runner.py:222} INFO - ::endgroup::
