[2025-10-31T09:35:23.842+0000] {local_task_job_runner.py:120} INFO - ::group::Pre task execution logs
[2025-10-31T09:35:23.871+0000] {taskinstance.py:2076} INFO - Dependencies all met for dep_context=non-requeueable deps ti=<TaskInstance: ai_database_generator.run_database_generation_script manual__2025-10-31T09:35:21.360073+00:00 [queued]>
[2025-10-31T09:35:23.878+0000] {taskinstance.py:2076} INFO - Dependencies all met for dep_context=requeueable deps ti=<TaskInstance: ai_database_generator.run_database_generation_script manual__2025-10-31T09:35:21.360073+00:00 [queued]>
[2025-10-31T09:35:23.878+0000] {taskinstance.py:2306} INFO - Starting attempt 1 of 1
[2025-10-31T09:35:23.887+0000] {taskinstance.py:2330} INFO - Executing <Task(_PythonDecoratedOperator): run_database_generation_script> on 2025-10-31 09:35:21.360073+00:00
[2025-10-31T09:35:23.893+0000] {standard_task_runner.py:63} INFO - Started process 3874 to run task
[2025-10-31T09:35:23.896+0000] {standard_task_runner.py:90} INFO - Running: ['***', 'tasks', 'run', 'ai_database_generator', 'run_database_generation_script', 'manual__2025-10-31T09:35:21.360073+00:00', '--job-id', '1260', '--raw', '--subdir', 'DAGS_FOLDER/ai_database_generator_dag.py', '--cfg-path', '/tmp/tmpxzxxowox']
[2025-10-31T09:35:23.898+0000] {standard_task_runner.py:91} INFO - Job 1260: Subtask run_database_generation_script
[2025-10-31T09:35:23.961+0000] {task_command.py:426} INFO - Running <TaskInstance: ai_database_generator.run_database_generation_script manual__2025-10-31T09:35:21.360073+00:00 [running]> on host f0dfdcdd2a7c
[2025-10-31T09:35:24.107+0000] {taskinstance.py:2648} INFO - Exporting env vars: AIRFLOW_CTX_DAG_OWNER='***' AIRFLOW_CTX_DAG_ID='ai_database_generator' AIRFLOW_CTX_TASK_ID='run_database_generation_script' AIRFLOW_CTX_EXECUTION_DATE='2025-10-31T09:35:21.360073+00:00' AIRFLOW_CTX_TRY_NUMBER='1' AIRFLOW_CTX_DAG_RUN_ID='manual__2025-10-31T09:35:21.360073+00:00'
[2025-10-31T09:35:24.108+0000] {taskinstance.py:430} INFO - ::endgroup::
[2025-10-31T09:35:24.109+0000] {logging_mixin.py:188} INFO - Importing AI-generated script...
[2025-10-31T09:35:24.566+0000] {logging_mixin.py:188} INFO - --- Starting Database Generation ---
[2025-10-31T09:35:24.608+0000] {logging_mixin.py:188} INFO - Generating 6000 rows for 'courses' table...
[2025-10-31T09:35:24.671+0000] {logging_mixin.py:188} INFO - 'courses' table saved to /opt/***/data/generated_users/courses.parquet
[2025-10-31T09:35:24.671+0000] {logging_mixin.py:188} INFO - ------------------------------
[2025-10-31T09:35:24.671+0000] {logging_mixin.py:188} INFO - Generating 300000 rows for 'teachers' table (in batches of 100000)...
[2025-10-31T09:35:34.684+0000] {logging_mixin.py:188} INFO -   ... generated 100000/300000 rows
[2025-10-31T09:35:44.611+0000] {logging_mixin.py:188} INFO -   ... generated 200000/300000 rows
[2025-10-31T09:35:54.532+0000] {logging_mixin.py:188} INFO -   ... generated 300000/300000 rows
[2025-10-31T09:35:54.775+0000] {logging_mixin.py:188} INFO - 'teachers' table saved to /opt/***/data/generated_users/teachers.parquet
[2025-10-31T09:35:54.776+0000] {logging_mixin.py:188} INFO - ------------------------------
[2025-10-31T09:35:54.776+0000] {logging_mixin.py:188} INFO - Generating 1000000 rows for 'students' table (in batches of 100000)...
[2025-10-31T09:36:05.729+0000] {logging_mixin.py:188} INFO -   ... generated 100000/1000000 rows
[2025-10-31T09:36:16.894+0000] {logging_mixin.py:188} INFO -   ... generated 200000/1000000 rows
[2025-10-31T09:36:27.963+0000] {logging_mixin.py:188} INFO -   ... generated 300000/1000000 rows
[2025-10-31T09:36:39.140+0000] {logging_mixin.py:188} INFO -   ... generated 400000/1000000 rows
[2025-10-31T09:36:50.692+0000] {logging_mixin.py:188} INFO -   ... generated 500000/1000000 rows
[2025-10-31T09:37:01.786+0000] {logging_mixin.py:188} INFO -   ... generated 600000/1000000 rows
[2025-10-31T09:37:13.099+0000] {logging_mixin.py:188} INFO -   ... generated 700000/1000000 rows
[2025-10-31T09:37:24.464+0000] {logging_mixin.py:188} INFO -   ... generated 800000/1000000 rows
[2025-10-31T09:37:35.364+0000] {logging_mixin.py:188} INFO -   ... generated 900000/1000000 rows
[2025-10-31T09:37:46.596+0000] {logging_mixin.py:188} INFO -   ... generated 1000000/1000000 rows
[2025-10-31T09:37:47.504+0000] {logging_mixin.py:188} INFO - 'students' table saved to /opt/***/data/generated_users/students.parquet
[2025-10-31T09:37:47.504+0000] {logging_mixin.py:188} INFO - ------------------------------
[2025-10-31T09:37:47.505+0000] {logging_mixin.py:188} INFO - Generating 1000 rows for 'enrllments' table...
[2025-10-31T09:37:47.533+0000] {logging_mixin.py:188} INFO - 'enrllments' table saved to /opt/***/data/generated_users/enrllments.parquet
[2025-10-31T09:37:47.534+0000] {logging_mixin.py:188} INFO - ------------------------------
[2025-10-31T09:37:47.534+0000] {logging_mixin.py:188} INFO - All data generation complete.
[2025-10-31T09:37:47.697+0000] {logging_mixin.py:188} INFO - --- Database Generation Complete ---
[2025-10-31T09:37:47.698+0000] {python.py:237} INFO - Done. Returned value was: None
[2025-10-31T09:37:47.698+0000] {taskinstance.py:441} INFO - ::group::Post task execution logs
[2025-10-31T09:37:47.713+0000] {taskinstance.py:1206} INFO - Marking task as SUCCESS. dag_id=ai_database_generator, task_id=run_database_generation_script, run_id=manual__2025-10-31T09:35:21.360073+00:00, execution_date=20251031T093521, start_date=20251031T093523, end_date=20251031T093747
[2025-10-31T09:37:47.781+0000] {local_task_job_runner.py:240} INFO - Task exited with return code 0
[2025-10-31T09:37:47.801+0000] {taskinstance.py:3503} INFO - 0 downstream tasks scheduled from follow-on schedule check
[2025-10-31T09:37:47.803+0000] {local_task_job_runner.py:222} INFO - ::endgroup::
