[2025-10-28T08:40:56.673+0000] {local_task_job_runner.py:120} INFO - ::group::Pre task execution logs
[2025-10-28T08:40:56.698+0000] {taskinstance.py:2076} INFO - Dependencies all met for dep_context=non-requeueable deps ti=<TaskInstance: synthetic_data_generator.prepare_batches manual__2025-10-28T08:40:53.966838+00:00 [queued]>
[2025-10-28T08:40:56.703+0000] {taskinstance.py:2076} INFO - Dependencies all met for dep_context=requeueable deps ti=<TaskInstance: synthetic_data_generator.prepare_batches manual__2025-10-28T08:40:53.966838+00:00 [queued]>
[2025-10-28T08:40:56.703+0000] {taskinstance.py:2306} INFO - Starting attempt 1 of 1
[2025-10-28T08:40:56.715+0000] {taskinstance.py:2330} INFO - Executing <Task(_PythonDecoratedOperator): prepare_batches> on 2025-10-28 08:40:53.966838+00:00
[2025-10-28T08:40:56.725+0000] {logging_mixin.py:188} WARNING - /home/***/.local/lib/python3.12/site-packages/***/task/task_runner/standard_task_runner.py:61 DeprecationWarning: This process (pid=234) is multi-threaded, use of fork() may lead to deadlocks in the child.
[2025-10-28T08:40:56.724+0000] {standard_task_runner.py:90} INFO - Running: ['***', 'tasks', 'run', 'synthetic_data_generator', 'prepare_batches', 'manual__2025-10-28T08:40:53.966838+00:00', '--job-id', '91', '--raw', '--subdir', 'DAGS_FOLDER/gemini_data_generation_dag.py', '--cfg-path', '/tmp/tmpzb7l5ryr']
[2025-10-28T08:40:56.726+0000] {standard_task_runner.py:63} INFO - Started process 236 to run task
[2025-10-28T08:40:56.726+0000] {standard_task_runner.py:91} INFO - Job 91: Subtask prepare_batches
[2025-10-28T08:40:56.785+0000] {task_command.py:426} INFO - Running <TaskInstance: synthetic_data_generator.prepare_batches manual__2025-10-28T08:40:53.966838+00:00 [running]> on host f1629fa1c72a
[2025-10-28T08:40:56.869+0000] {taskinstance.py:2648} INFO - Exporting env vars: AIRFLOW_CTX_DAG_OWNER='***' AIRFLOW_CTX_DAG_ID='synthetic_data_generator' AIRFLOW_CTX_TASK_ID='prepare_batches' AIRFLOW_CTX_EXECUTION_DATE='2025-10-28T08:40:53.966838+00:00' AIRFLOW_CTX_TRY_NUMBER='1' AIRFLOW_CTX_DAG_RUN_ID='manual__2025-10-28T08:40:53.966838+00:00'
[2025-10-28T08:40:56.870+0000] {taskinstance.py:430} INFO - ::endgroup::
[2025-10-28T08:40:56.872+0000] {logging_mixin.py:188} INFO - Starting Run: manual__2025-10-28T08:40:53.966838+00:00
[2025-10-28T08:40:56.872+0000] {logging_mixin.py:188} INFO - Total Rows: 500
[2025-10-28T08:40:56.872+0000] {logging_mixin.py:188} INFO - Batch Size: 500
[2025-10-28T08:40:56.873+0000] {logging_mixin.py:188} INFO - Number of Batches: 1
[2025-10-28T08:40:56.873+0000] {python.py:237} INFO - Done. Returned value was: [{'batch_id': 0, 'rows': 500, 'prompt': 'fraud detection data', 'format': 'csv', 'output_path': '/opt/***/data/temp/manual__2025-10-28T08:40:53.966838+00:00/batch_0000.csv', 'columns': [], 'run_id': 'manual__2025-10-28T08:40:53.966838+00:00'}]
[2025-10-28T08:40:56.874+0000] {taskinstance.py:441} INFO - ::group::Post task execution logs
[2025-10-28T08:40:56.898+0000] {taskinstance.py:1206} INFO - Marking task as SUCCESS. dag_id=synthetic_data_generator, task_id=prepare_batches, run_id=manual__2025-10-28T08:40:53.966838+00:00, execution_date=20251028T084053, start_date=20251028T084056, end_date=20251028T084056
[2025-10-28T08:40:56.939+0000] {local_task_job_runner.py:240} INFO - Task exited with return code 0
[2025-10-28T08:40:56.994+0000] {taskinstance.py:3503} INFO - 1 downstream tasks scheduled from follow-on schedule check
[2025-10-28T08:40:56.995+0000] {local_task_job_runner.py:222} INFO - ::endgroup::
