[2025-10-28T08:41:42.638+0000] {local_task_job_runner.py:120} INFO - ::group::Pre task execution logs
[2025-10-28T08:41:42.664+0000] {taskinstance.py:2076} INFO - Dependencies all met for dep_context=non-requeueable deps ti=<TaskInstance: synthetic_data_generator.generate_batch manual__2025-10-28T08:41:38.846617+00:00 map_index=0 [queued]>
[2025-10-28T08:41:42.671+0000] {taskinstance.py:2076} INFO - Dependencies all met for dep_context=requeueable deps ti=<TaskInstance: synthetic_data_generator.generate_batch manual__2025-10-28T08:41:38.846617+00:00 map_index=0 [queued]>
[2025-10-28T08:41:42.672+0000] {taskinstance.py:2306} INFO - Starting attempt 1 of 1
[2025-10-28T08:41:42.681+0000] {taskinstance.py:2330} INFO - Executing <Mapped(_PythonDecoratedOperator): generate_batch> on 2025-10-28 08:41:38.846617+00:00
[2025-10-28T08:41:42.692+0000] {logging_mixin.py:188} WARNING - /home/***/.local/lib/python3.12/site-packages/***/task/task_runner/standard_task_runner.py:61 DeprecationWarning: This process (pid=300) is multi-threaded, use of fork() may lead to deadlocks in the child.
[2025-10-28T08:41:42.692+0000] {standard_task_runner.py:90} INFO - Running: ['***', 'tasks', 'run', 'synthetic_data_generator', 'generate_batch', 'manual__2025-10-28T08:41:38.846617+00:00', '--job-id', '95', '--raw', '--subdir', 'DAGS_FOLDER/gemini_data_generation_dag.py', '--cfg-path', '/tmp/tmp8iusl3f8', '--map-index', '0']
[2025-10-28T08:41:42.693+0000] {standard_task_runner.py:63} INFO - Started process 306 to run task
[2025-10-28T08:41:42.693+0000] {standard_task_runner.py:91} INFO - Job 95: Subtask generate_batch
[2025-10-28T08:41:42.753+0000] {task_command.py:426} INFO - Running <TaskInstance: synthetic_data_generator.generate_batch manual__2025-10-28T08:41:38.846617+00:00 map_index=0 [running]> on host f1629fa1c72a
[2025-10-28T08:41:42.842+0000] {taskinstance.py:2648} INFO - Exporting env vars: AIRFLOW_CTX_DAG_OWNER='***' AIRFLOW_CTX_DAG_ID='synthetic_data_generator' AIRFLOW_CTX_TASK_ID='generate_batch' AIRFLOW_CTX_EXECUTION_DATE='2025-10-28T08:41:38.846617+00:00' AIRFLOW_CTX_TRY_NUMBER='1' AIRFLOW_CTX_DAG_RUN_ID='manual__2025-10-28T08:41:38.846617+00:00'
[2025-10-28T08:41:42.844+0000] {taskinstance.py:430} INFO - ::endgroup::
[2025-10-28T08:44:42.281+0000] {gemini_worker.py:177} WARNING - Attempt 1 failed: Validation failed: Row 138 has 8 columns, expected 10
[2025-10-28T08:44:42.281+0000] {gemini_worker.py:180} INFO - Retrying in 1.0 seconds...
[2025-10-28T08:47:20.234+0000] {gemini_worker.py:201} INFO - Successfully generated and saved data to /opt/***/data/temp/manual__2025-10-28T08:41:38.846617+00:00/batch_0000.csv
[2025-10-28T08:47:20.235+0000] {python.py:237} INFO - Done. Returned value was: /opt/***/data/temp/manual__2025-10-28T08:41:38.846617+00:00/batch_0000.csv
[2025-10-28T08:47:20.236+0000] {taskinstance.py:441} INFO - ::group::Post task execution logs
[2025-10-28T08:47:20.261+0000] {taskinstance.py:1206} INFO - Marking task as SUCCESS. dag_id=synthetic_data_generator, task_id=generate_batch, run_id=manual__2025-10-28T08:41:38.846617+00:00, map_index=0, execution_date=20251028T084138, start_date=20251028T084142, end_date=20251028T084720
[2025-10-28T08:47:20.295+0000] {local_task_job_runner.py:240} INFO - Task exited with return code 0
[2025-10-28T08:47:20.318+0000] {taskinstance.py:3503} INFO - 1 downstream tasks scheduled from follow-on schedule check
[2025-10-28T08:47:20.320+0000] {local_task_job_runner.py:222} INFO - ::endgroup::
