[2025-11-03T05:22:05.878+0000] {local_task_job_runner.py:120} INFO - ::group::Pre task execution logs
[2025-11-03T05:22:05.923+0000] {taskinstance.py:2076} INFO - Dependencies all met for dep_context=non-requeueable deps ti=<TaskInstance: ai_database_generator.clear_previous_data manual__2025-11-03T05:22:04.901926+00:00 [queued]>
[2025-11-03T05:22:05.933+0000] {taskinstance.py:2076} INFO - Dependencies all met for dep_context=requeueable deps ti=<TaskInstance: ai_database_generator.clear_previous_data manual__2025-11-03T05:22:04.901926+00:00 [queued]>
[2025-11-03T05:22:05.934+0000] {taskinstance.py:2306} INFO - Starting attempt 1 of 1
[2025-11-03T05:22:05.951+0000] {taskinstance.py:2330} INFO - Executing <Task(_PythonDecoratedOperator): clear_previous_data> on 2025-11-03 05:22:04.901926+00:00
[2025-11-03T05:22:05.960+0000] {standard_task_runner.py:63} INFO - Started process 489 to run task
[2025-11-03T05:22:05.965+0000] {standard_task_runner.py:90} INFO - Running: ['***', 'tasks', 'run', 'ai_database_generator', 'clear_previous_data', 'manual__2025-11-03T05:22:04.901926+00:00', '--job-id', '1264', '--raw', '--subdir', 'DAGS_FOLDER/ai_database_generator_dag.py', '--cfg-path', '/tmp/tmp9dzpau2m']
[2025-11-03T05:22:05.969+0000] {standard_task_runner.py:91} INFO - Job 1264: Subtask clear_previous_data
[2025-11-03T05:22:06.073+0000] {task_command.py:426} INFO - Running <TaskInstance: ai_database_generator.clear_previous_data manual__2025-11-03T05:22:04.901926+00:00 [running]> on host 7b0cad38ecb2
[2025-11-03T05:22:06.416+0000] {taskinstance.py:2648} INFO - Exporting env vars: AIRFLOW_CTX_DAG_OWNER='***' AIRFLOW_CTX_DAG_ID='ai_database_generator' AIRFLOW_CTX_TASK_ID='clear_previous_data' AIRFLOW_CTX_EXECUTION_DATE='2025-11-03T05:22:04.901926+00:00' AIRFLOW_CTX_TRY_NUMBER='1' AIRFLOW_CTX_DAG_RUN_ID='manual__2025-11-03T05:22:04.901926+00:00'
[2025-11-03T05:22:06.418+0000] {taskinstance.py:430} INFO - ::endgroup::
[2025-11-03T05:22:06.419+0000] {logging_mixin.py:188} INFO - Clearing old data from /opt/***/data/generated_users...
[2025-11-03T05:22:06.427+0000] {logging_mixin.py:188} INFO - Removed courses.parquet
[2025-11-03T05:22:06.430+0000] {logging_mixin.py:188} INFO - Removed enrllments.parquet
[2025-11-03T05:22:06.434+0000] {logging_mixin.py:188} INFO - Removed students.parquet
[2025-11-03T05:22:06.437+0000] {logging_mixin.py:188} INFO - Removed teachers.parquet
[2025-11-03T05:22:06.438+0000] {logging_mixin.py:188} INFO - Cleared 4 files.
[2025-11-03T05:22:06.438+0000] {python.py:237} INFO - Done. Returned value was: None
[2025-11-03T05:22:06.439+0000] {taskinstance.py:441} INFO - ::group::Post task execution logs
[2025-11-03T05:22:06.455+0000] {taskinstance.py:1206} INFO - Marking task as SUCCESS. dag_id=ai_database_generator, task_id=clear_previous_data, run_id=manual__2025-11-03T05:22:04.901926+00:00, execution_date=20251103T052204, start_date=20251103T052205, end_date=20251103T052206
[2025-11-03T05:22:06.540+0000] {local_task_job_runner.py:240} INFO - Task exited with return code 0
[2025-11-03T05:22:06.572+0000] {taskinstance.py:3503} INFO - 1 downstream tasks scheduled from follow-on schedule check
[2025-11-03T05:22:06.575+0000] {local_task_job_runner.py:222} INFO - ::endgroup::
