[2025-10-28T06:31:40.599+0000] {local_task_job_runner.py:120} INFO - ::group::Pre task execution logs
[2025-10-28T06:31:40.648+0000] {taskinstance.py:2076} INFO - Dependencies all met for dep_context=non-requeueable deps ti=<TaskInstance: synthetic_data_generator.generate_batch manual__2025-10-28T06:31:35.365298+00:00 map_index=1 [queued]>
[2025-10-28T06:31:40.660+0000] {taskinstance.py:2076} INFO - Dependencies all met for dep_context=requeueable deps ti=<TaskInstance: synthetic_data_generator.generate_batch manual__2025-10-28T06:31:35.365298+00:00 map_index=1 [queued]>
[2025-10-28T06:31:40.661+0000] {taskinstance.py:2306} INFO - Starting attempt 1 of 1
[2025-10-28T06:31:40.679+0000] {taskinstance.py:2330} INFO - Executing <Mapped(_PythonDecoratedOperator): generate_batch> on 2025-10-28 06:31:35.365298+00:00
[2025-10-28T06:31:40.697+0000] {logging_mixin.py:188} WARNING - /home/***/.local/lib/python3.12/site-packages/***/task/task_runner/standard_task_runner.py:61 DeprecationWarning: This process (pid=324) is multi-threaded, use of fork() may lead to deadlocks in the child.
[2025-10-28T06:31:40.697+0000] {standard_task_runner.py:90} INFO - Running: ['***', 'tasks', 'run', 'synthetic_data_generator', 'generate_batch', 'manual__2025-10-28T06:31:35.365298+00:00', '--job-id', '76', '--raw', '--subdir', 'DAGS_FOLDER/gemini_data_generation_dag.py', '--cfg-path', '/tmp/tmp0w6d0bap', '--map-index', '1']
[2025-10-28T06:31:40.699+0000] {standard_task_runner.py:63} INFO - Started process 331 to run task
[2025-10-28T06:31:40.700+0000] {standard_task_runner.py:91} INFO - Job 76: Subtask generate_batch
[2025-10-28T06:31:40.813+0000] {task_command.py:426} INFO - Running <TaskInstance: synthetic_data_generator.generate_batch manual__2025-10-28T06:31:35.365298+00:00 map_index=1 [running]> on host ee432298e8ec
[2025-10-28T06:31:40.981+0000] {taskinstance.py:2648} INFO - Exporting env vars: AIRFLOW_CTX_DAG_OWNER='***' AIRFLOW_CTX_DAG_ID='synthetic_data_generator' AIRFLOW_CTX_TASK_ID='generate_batch' AIRFLOW_CTX_EXECUTION_DATE='2025-10-28T06:31:35.365298+00:00' AIRFLOW_CTX_TRY_NUMBER='1' AIRFLOW_CTX_DAG_RUN_ID='manual__2025-10-28T06:31:35.365298+00:00'
[2025-10-28T06:31:40.983+0000] {taskinstance.py:430} INFO - ::endgroup::
[2025-10-28T06:37:48.447+0000] {gemini_worker.py:123} WARNING - Attempt 1 failed: Validation failed: CSV validation failed: Error tokenizing data. C error: EOF inside string starting at row 595
[2025-10-28T06:37:48.450+0000] {gemini_worker.py:126} INFO - Retrying in 1.0 seconds...
[2025-10-28T06:43:40.477+0000] {gemini_worker.py:123} WARNING - Attempt 2 failed: Validation failed: CSV validation failed: Error tokenizing data. C error: EOF inside string starting at row 641
[2025-10-28T06:43:40.479+0000] {gemini_worker.py:126} INFO - Retrying in 2.0 seconds...
[2025-10-28T06:49:48.040+0000] {gemini_worker.py:123} WARNING - Attempt 3 failed: Validation failed: CSV validation failed: Error tokenizing data. C error: EOF inside string starting at row 539
[2025-10-28T06:49:48.042+0000] {gemini_worker.py:129} ERROR - All attempts failed: Validation failed: CSV validation failed: Error tokenizing data. C error: EOF inside string starting at row 539
[2025-10-28T06:49:48.043+0000] {logging_mixin.py:188} INFO - Error in batch 1: Validation failed: CSV validation failed: Error tokenizing data. C error: EOF inside string starting at row 539
[2025-10-28T06:49:48.043+0000] {taskinstance.py:441} INFO - ::group::Post task execution logs
[2025-10-28T06:49:48.045+0000] {taskinstance.py:2905} ERROR - Task failed with exception
Traceback (most recent call last):
  File "/home/airflow/.local/lib/python3.12/site-packages/airflow/models/taskinstance.py", line 465, in _execute_task
    result = _execute_callable(context=context, **execute_callable_kwargs)
             ^^^^^^^^^^^^^^^^^^^^^^^^^^^^^^^^^^^^^^^^^^^^^^^^^^^^^^^^^^^^^
  File "/home/airflow/.local/lib/python3.12/site-packages/airflow/models/taskinstance.py", line 432, in _execute_callable
    return execute_callable(context=context, **execute_callable_kwargs)
           ^^^^^^^^^^^^^^^^^^^^^^^^^^^^^^^^^^^^^^^^^^^^^^^^^^^^^^^^^^^^
  File "/home/airflow/.local/lib/python3.12/site-packages/airflow/models/baseoperator.py", line 401, in wrapper
    return func(self, *args, **kwargs)
           ^^^^^^^^^^^^^^^^^^^^^^^^^^^
  File "/home/airflow/.local/lib/python3.12/site-packages/airflow/decorators/base.py", line 265, in execute
    return_value = super().execute(context)
                   ^^^^^^^^^^^^^^^^^^^^^^^^
  File "/home/airflow/.local/lib/python3.12/site-packages/airflow/models/baseoperator.py", line 401, in wrapper
    return func(self, *args, **kwargs)
           ^^^^^^^^^^^^^^^^^^^^^^^^^^^
  File "/home/airflow/.local/lib/python3.12/site-packages/airflow/operators/python.py", line 235, in execute
    return_value = self.execute_callable()
                   ^^^^^^^^^^^^^^^^^^^^^^^
  File "/home/airflow/.local/lib/python3.12/site-packages/airflow/operators/python.py", line 252, in execute_callable
    return self.python_callable(*self.op_args, **self.op_kwargs)
           ^^^^^^^^^^^^^^^^^^^^^^^^^^^^^^^^^^^^^^^^^^^^^^^^^^^^^
  File "/opt/airflow/dags/gemini_data_generation_dag.py", line 115, in generate_batch
    worker.generate_and_save(
  File "/opt/airflow/scripts/gemini_worker.py", line 140, in generate_and_save
    data = self.generate_data(user_prompt, output_format, row_count)
           ^^^^^^^^^^^^^^^^^^^^^^^^^^^^^^^^^^^^^^^^^^^^^^^^^^^^^^^^^
  File "/opt/airflow/scripts/gemini_worker.py", line 118, in generate_data
    raise ValueError(f"Validation failed: {error_msg}")
ValueError: Validation failed: CSV validation failed: Error tokenizing data. C error: EOF inside string starting at row 539
[2025-10-28T06:49:48.078+0000] {taskinstance.py:1206} INFO - Marking task as FAILED. dag_id=synthetic_data_generator, task_id=generate_batch, run_id=manual__2025-10-28T06:31:35.365298+00:00, map_index=1, execution_date=20251028T063135, start_date=20251028T063140, end_date=20251028T064948
[2025-10-28T06:49:48.110+0000] {standard_task_runner.py:110} ERROR - Failed to execute job 76 for task generate_batch (Validation failed: CSV validation failed: Error tokenizing data. C error: EOF inside string starting at row 539; 331)
[2025-10-28T06:49:48.143+0000] {local_task_job_runner.py:240} INFO - Task exited with return code 1
[2025-10-28T06:49:48.185+0000] {taskinstance.py:3503} INFO - 0 downstream tasks scheduled from follow-on schedule check
[2025-10-28T06:49:48.192+0000] {local_task_job_runner.py:222} INFO - ::endgroup::
