[2025-11-04T07:01:10.193+0000] {local_task_job_runner.py:120} INFO - ::group::Pre task execution logs
[2025-11-04T07:01:10.219+0000] {taskinstance.py:2076} INFO - Dependencies all met for dep_context=non-requeueable deps ti=<TaskInstance: ai_database_generator.run_database_generation_script manual__2025-11-04T07:01:08.840849+00:00 [queued]>
[2025-11-04T07:01:10.224+0000] {taskinstance.py:2076} INFO - Dependencies all met for dep_context=requeueable deps ti=<TaskInstance: ai_database_generator.run_database_generation_script manual__2025-11-04T07:01:08.840849+00:00 [queued]>
[2025-11-04T07:01:10.225+0000] {taskinstance.py:2306} INFO - Starting attempt 1 of 1
[2025-11-04T07:01:10.234+0000] {taskinstance.py:2330} INFO - Executing <Task(_PythonDecoratedOperator): run_database_generation_script> on 2025-11-04 07:01:08.840849+00:00
[2025-11-04T07:01:10.240+0000] {standard_task_runner.py:63} INFO - Started process 1923 to run task
[2025-11-04T07:01:10.243+0000] {standard_task_runner.py:90} INFO - Running: ['***', 'tasks', 'run', 'ai_database_generator', 'run_database_generation_script', 'manual__2025-11-04T07:01:08.840849+00:00', '--job-id', '10', '--raw', '--subdir', 'DAGS_FOLDER/ai_database_generator_dag.py', '--cfg-path', '/tmp/tmp5p8q__7r']
[2025-11-04T07:01:10.245+0000] {standard_task_runner.py:91} INFO - Job 10: Subtask run_database_generation_script
[2025-11-04T07:01:10.312+0000] {task_command.py:426} INFO - Running <TaskInstance: ai_database_generator.run_database_generation_script manual__2025-11-04T07:01:08.840849+00:00 [running]> on host 06977e674446
[2025-11-04T07:01:10.524+0000] {taskinstance.py:2648} INFO - Exporting env vars: AIRFLOW_CTX_DAG_OWNER='***' AIRFLOW_CTX_DAG_ID='ai_database_generator' AIRFLOW_CTX_TASK_ID='run_database_generation_script' AIRFLOW_CTX_EXECUTION_DATE='2025-11-04T07:01:08.840849+00:00' AIRFLOW_CTX_TRY_NUMBER='1' AIRFLOW_CTX_DAG_RUN_ID='manual__2025-11-04T07:01:08.840849+00:00'
[2025-11-04T07:01:10.525+0000] {taskinstance.py:430} INFO - ::endgroup::
[2025-11-04T07:01:10.526+0000] {logging_mixin.py:188} INFO - Importing AI-generated script...
[2025-11-04T07:01:10.887+0000] {logging_mixin.py:188} INFO - --- Starting Database Generation ---
[2025-11-04T07:01:10.916+0000] {logging_mixin.py:188} INFO - Output directory '/opt/***/data/generated_users' ensured.
[2025-11-04T07:01:10.917+0000] {logging_mixin.py:188} INFO - 
Generating Stores table (50 rows)...
[2025-11-04T07:01:10.954+0000] {logging_mixin.py:188} INFO - -> Saved Stores table to /opt/***/data/generated_users/Stores.parquet
[2025-11-04T07:01:10.954+0000] {logging_mixin.py:188} INFO - 
Generating Products table (500 rows)...
[2025-11-04T07:01:10.970+0000] {logging_mixin.py:188} INFO - -> Saved Products table to /opt/***/data/generated_users/Products.parquet
[2025-11-04T07:01:10.971+0000] {logging_mixin.py:188} INFO - 
Generating Customers table (1,000 rows)...
[2025-11-04T07:01:11.223+0000] {logging_mixin.py:188} INFO - -> Saved Customers table to /opt/***/data/generated_users/Customers.parquet
[2025-11-04T07:01:11.224+0000] {logging_mixin.py:188} INFO - 
Generating Transactions table (1,000,000 rows) in batches...
[2025-11-04T07:01:11.224+0000] {logging_mixin.py:188} INFO -   - Generating batch: rows 1 to 100000...
[2025-11-04T07:01:12.816+0000] {logging_mixin.py:188} INFO -   - Generating batch: rows 100001 to 200000...
[2025-11-04T07:01:14.373+0000] {logging_mixin.py:188} INFO -   - Generating batch: rows 200001 to 300000...
[2025-11-04T07:01:15.945+0000] {logging_mixin.py:188} INFO -   - Generating batch: rows 300001 to 400000...
[2025-11-04T07:01:17.474+0000] {logging_mixin.py:188} INFO -   - Generating batch: rows 400001 to 500000...
[2025-11-04T07:01:19.236+0000] {logging_mixin.py:188} INFO -   - Generating batch: rows 500001 to 600000...
[2025-11-04T07:01:20.781+0000] {logging_mixin.py:188} INFO -   - Generating batch: rows 600001 to 700000...
[2025-11-04T07:01:22.347+0000] {logging_mixin.py:188} INFO -   - Generating batch: rows 700001 to 800000...
[2025-11-04T07:01:24.097+0000] {logging_mixin.py:188} INFO -   - Generating batch: rows 800001 to 900000...
[2025-11-04T07:01:25.639+0000] {logging_mixin.py:188} INFO -   - Generating batch: rows 900001 to 1000000...
[2025-11-04T07:01:27.173+0000] {logging_mixin.py:188} INFO - -> Saved Transactions table to /opt/***/data/generated_users/Transactions.parquet
[2025-11-04T07:01:27.174+0000] {logging_mixin.py:188} INFO - 
Dataset generation complete.
[2025-11-04T07:01:27.202+0000] {logging_mixin.py:188} INFO - --- Database Generation Complete ---
[2025-11-04T07:01:27.202+0000] {python.py:237} INFO - Done. Returned value was: None
[2025-11-04T07:01:27.203+0000] {taskinstance.py:441} INFO - ::group::Post task execution logs
[2025-11-04T07:01:27.212+0000] {taskinstance.py:1206} INFO - Marking task as SUCCESS. dag_id=ai_database_generator, task_id=run_database_generation_script, run_id=manual__2025-11-04T07:01:08.840849+00:00, execution_date=20251104T070108, start_date=20251104T070110, end_date=20251104T070127
[2025-11-04T07:01:27.282+0000] {local_task_job_runner.py:240} INFO - Task exited with return code 0
[2025-11-04T07:01:27.428+0000] {taskinstance.py:3503} INFO - 0 downstream tasks scheduled from follow-on schedule check
[2025-11-04T07:01:27.433+0000] {local_task_job_runner.py:222} INFO - ::endgroup::
