[2025-11-03T05:22:06.936+0000] {local_task_job_runner.py:120} INFO - ::group::Pre task execution logs
[2025-11-03T05:22:06.980+0000] {taskinstance.py:2076} INFO - Dependencies all met for dep_context=non-requeueable deps ti=<TaskInstance: ai_database_generator.run_database_generation_script manual__2025-11-03T05:22:04.901926+00:00 [queued]>
[2025-11-03T05:22:06.990+0000] {taskinstance.py:2076} INFO - Dependencies all met for dep_context=requeueable deps ti=<TaskInstance: ai_database_generator.run_database_generation_script manual__2025-11-03T05:22:04.901926+00:00 [queued]>
[2025-11-03T05:22:06.991+0000] {taskinstance.py:2306} INFO - Starting attempt 1 of 1
[2025-11-03T05:22:07.006+0000] {taskinstance.py:2330} INFO - Executing <Task(_PythonDecoratedOperator): run_database_generation_script> on 2025-11-03 05:22:04.901926+00:00
[2025-11-03T05:22:07.015+0000] {standard_task_runner.py:63} INFO - Started process 491 to run task
[2025-11-03T05:22:07.019+0000] {standard_task_runner.py:90} INFO - Running: ['***', 'tasks', 'run', 'ai_database_generator', 'run_database_generation_script', 'manual__2025-11-03T05:22:04.901926+00:00', '--job-id', '1265', '--raw', '--subdir', 'DAGS_FOLDER/ai_database_generator_dag.py', '--cfg-path', '/tmp/tmpujx9lk44']
[2025-11-03T05:22:07.023+0000] {standard_task_runner.py:91} INFO - Job 1265: Subtask run_database_generation_script
[2025-11-03T05:22:07.128+0000] {task_command.py:426} INFO - Running <TaskInstance: ai_database_generator.run_database_generation_script manual__2025-11-03T05:22:04.901926+00:00 [running]> on host 7b0cad38ecb2
[2025-11-03T05:22:07.471+0000] {taskinstance.py:2648} INFO - Exporting env vars: AIRFLOW_CTX_DAG_OWNER='***' AIRFLOW_CTX_DAG_ID='ai_database_generator' AIRFLOW_CTX_TASK_ID='run_database_generation_script' AIRFLOW_CTX_EXECUTION_DATE='2025-11-03T05:22:04.901926+00:00' AIRFLOW_CTX_TRY_NUMBER='1' AIRFLOW_CTX_DAG_RUN_ID='manual__2025-11-03T05:22:04.901926+00:00'
[2025-11-03T05:22:07.472+0000] {taskinstance.py:430} INFO - ::endgroup::
[2025-11-03T05:22:07.473+0000] {logging_mixin.py:188} INFO - Importing AI-generated script...
[2025-11-03T05:22:08.134+0000] {logging_mixin.py:188} INFO - --- Starting Database Generation ---
[2025-11-03T05:22:08.138+0000] {logging_mixin.py:188} INFO - Output directory '/opt/***/data/generated_users' ensured.
[2025-11-03T05:22:08.190+0000] {logging_mixin.py:188} INFO - 
Starting data generation process...
[2025-11-03T05:22:08.190+0000] {logging_mixin.py:188} INFO - 
Generating 1000 rows for 'students' table...
[2025-11-03T05:22:08.714+0000] {logging_mixin.py:188} INFO - 'students.parquet' saved successfully to /opt/***/data/generated_users/students.parquet
[2025-11-03T05:22:08.715+0000] {logging_mixin.py:188} INFO - 
Generating 1000 rows for 'teachers' table...
[2025-11-03T05:22:09.209+0000] {logging_mixin.py:188} INFO - 'teachers.parquet' saved successfully to /opt/***/data/generated_users/teachers.parquet
[2025-11-03T05:22:09.210+0000] {logging_mixin.py:188} INFO - 
Data generation complete.
[2025-11-03T05:22:09.211+0000] {logging_mixin.py:188} INFO - --- Database Generation Complete ---
[2025-11-03T05:22:09.211+0000] {python.py:237} INFO - Done. Returned value was: None
[2025-11-03T05:22:09.212+0000] {taskinstance.py:441} INFO - ::group::Post task execution logs
[2025-11-03T05:22:09.230+0000] {taskinstance.py:1206} INFO - Marking task as SUCCESS. dag_id=ai_database_generator, task_id=run_database_generation_script, run_id=manual__2025-11-03T05:22:04.901926+00:00, execution_date=20251103T052204, start_date=20251103T052206, end_date=20251103T052209
[2025-11-03T05:22:09.319+0000] {local_task_job_runner.py:240} INFO - Task exited with return code 0
[2025-11-03T05:22:09.346+0000] {taskinstance.py:3503} INFO - 0 downstream tasks scheduled from follow-on schedule check
[2025-11-03T05:22:09.349+0000] {local_task_job_runner.py:222} INFO - ::endgroup::
