[2025-11-03T05:43:33.935+0000] {local_task_job_runner.py:120} INFO - ::group::Pre task execution logs
[2025-11-03T05:43:33.981+0000] {taskinstance.py:2076} INFO - Dependencies all met for dep_context=non-requeueable deps ti=<TaskInstance: ai_database_generator.run_database_generation_script manual__2025-11-03T05:43:31.728643+00:00 [queued]>
[2025-11-03T05:43:33.991+0000] {taskinstance.py:2076} INFO - Dependencies all met for dep_context=requeueable deps ti=<TaskInstance: ai_database_generator.run_database_generation_script manual__2025-11-03T05:43:31.728643+00:00 [queued]>
[2025-11-03T05:43:33.992+0000] {taskinstance.py:2306} INFO - Starting attempt 1 of 1
[2025-11-03T05:43:34.009+0000] {taskinstance.py:2330} INFO - Executing <Task(_PythonDecoratedOperator): run_database_generation_script> on 2025-11-03 05:43:31.728643+00:00
[2025-11-03T05:43:34.018+0000] {standard_task_runner.py:63} INFO - Started process 456 to run task
[2025-11-03T05:43:34.022+0000] {standard_task_runner.py:90} INFO - Running: ['***', 'tasks', 'run', 'ai_database_generator', 'run_database_generation_script', 'manual__2025-11-03T05:43:31.728643+00:00', '--job-id', '1271', '--raw', '--subdir', 'DAGS_FOLDER/ai_database_generator_dag.py', '--cfg-path', '/tmp/tmplwh458v4']
[2025-11-03T05:43:34.026+0000] {standard_task_runner.py:91} INFO - Job 1271: Subtask run_database_generation_script
[2025-11-03T05:43:34.123+0000] {task_command.py:426} INFO - Running <TaskInstance: ai_database_generator.run_database_generation_script manual__2025-11-03T05:43:31.728643+00:00 [running]> on host d1db83a93e37
[2025-11-03T05:43:34.437+0000] {taskinstance.py:2648} INFO - Exporting env vars: AIRFLOW_CTX_DAG_OWNER='***' AIRFLOW_CTX_DAG_ID='ai_database_generator' AIRFLOW_CTX_TASK_ID='run_database_generation_script' AIRFLOW_CTX_EXECUTION_DATE='2025-11-03T05:43:31.728643+00:00' AIRFLOW_CTX_TRY_NUMBER='1' AIRFLOW_CTX_DAG_RUN_ID='manual__2025-11-03T05:43:31.728643+00:00'
[2025-11-03T05:43:34.438+0000] {taskinstance.py:430} INFO - ::endgroup::
[2025-11-03T05:43:34.439+0000] {logging_mixin.py:188} INFO - Importing AI-generated script...
[2025-11-03T05:43:35.086+0000] {logging_mixin.py:188} INFO - --- Starting Database Generation ---
[2025-11-03T05:43:35.087+0000] {logging_mixin.py:188} INFO - Starting data generation process...
[2025-11-03T05:43:35.091+0000] {logging_mixin.py:188} INFO - Output directory '/opt/***/data/generated_users' is ready.
[2025-11-03T05:43:35.091+0000] {logging_mixin.py:188} INFO - 
Generating 'TransactionTypes' table (1,000 rows)...
[2025-11-03T05:43:35.176+0000] {logging_mixin.py:188} INFO - 'TransactionTypes' table generated and saved as transaction_types.parquet.
[2025-11-03T05:43:35.177+0000] {logging_mixin.py:188} INFO - 
Generating 'Customers' table (10,000 rows)...
[2025-11-03T05:43:39.617+0000] {logging_mixin.py:188} INFO - 'Customers' table generated and saved as customers.parquet.
[2025-11-03T05:43:39.618+0000] {logging_mixin.py:188} INFO - 
Generating 'Accounts' table (10,000 rows)...
[2025-11-03T05:43:40.116+0000] {logging_mixin.py:188} INFO - 'Accounts' table generated and saved as accounts.parquet.
[2025-11-03T05:43:40.116+0000] {logging_mixin.py:188} INFO - 
Generating 'Transactions' table (1,000,000 rows) in batches...
[2025-11-03T05:43:40.117+0000] {logging_mixin.py:188} INFO -   Generating batch 1/10 (100000 rows)...
[2025-11-03T05:43:42.594+0000] {logging_mixin.py:188} INFO -   Generating batch 2/10 (100000 rows)...
[2025-11-03T05:43:45.122+0000] {logging_mixin.py:188} INFO -   Generating batch 3/10 (100000 rows)...
[2025-11-03T05:43:47.734+0000] {logging_mixin.py:188} INFO -   Generating batch 4/10 (100000 rows)...
[2025-11-03T05:43:49.995+0000] {logging_mixin.py:188} INFO -   Generating batch 5/10 (100000 rows)...
[2025-11-03T05:43:52.318+0000] {logging_mixin.py:188} INFO -   Generating batch 6/10 (100000 rows)...
[2025-11-03T05:43:54.535+0000] {logging_mixin.py:188} INFO -   Generating batch 7/10 (100000 rows)...
[2025-11-03T05:43:56.752+0000] {logging_mixin.py:188} INFO -   Generating batch 8/10 (100000 rows)...
[2025-11-03T05:43:59.425+0000] {logging_mixin.py:188} INFO -   Generating batch 9/10 (100000 rows)...
[2025-11-03T05:44:02.087+0000] {logging_mixin.py:188} INFO -   Generating batch 10/10 (100000 rows)...
[2025-11-03T05:44:04.835+0000] {logging_mixin.py:188} INFO - Concatenating transaction batches...
[2025-11-03T05:44:05.608+0000] {logging_mixin.py:188} INFO - 'Transactions' table generated and saved as transactions.parquet.
[2025-11-03T05:44:05.608+0000] {logging_mixin.py:188} INFO - 
Data generation process completed successfully!
[2025-11-03T05:44:05.676+0000] {logging_mixin.py:188} INFO - --- Database Generation Complete ---
[2025-11-03T05:44:05.677+0000] {python.py:237} INFO - Done. Returned value was: None
[2025-11-03T05:44:05.678+0000] {taskinstance.py:441} INFO - ::group::Post task execution logs
[2025-11-03T05:44:05.691+0000] {taskinstance.py:1206} INFO - Marking task as SUCCESS. dag_id=ai_database_generator, task_id=run_database_generation_script, run_id=manual__2025-11-03T05:43:31.728643+00:00, execution_date=20251103T054331, start_date=20251103T054333, end_date=20251103T054405
[2025-11-03T05:44:05.752+0000] {local_task_job_runner.py:240} INFO - Task exited with return code 0
[2025-11-03T05:44:05.937+0000] {taskinstance.py:3503} INFO - 0 downstream tasks scheduled from follow-on schedule check
[2025-11-03T05:44:05.949+0000] {local_task_job_runner.py:222} INFO - ::endgroup::
