[2025-10-29T10:40:10.228+0000] {local_task_job_runner.py:120} INFO - ::group::Pre task execution logs
[2025-10-29T10:40:10.256+0000] {taskinstance.py:2076} INFO - Dependencies all met for dep_context=non-requeueable deps ti=<TaskInstance: ai_database_generator.run_database_generation_script manual__2025-10-29T10:40:08.233755+00:00 [queued]>
[2025-10-29T10:40:10.263+0000] {taskinstance.py:2076} INFO - Dependencies all met for dep_context=requeueable deps ti=<TaskInstance: ai_database_generator.run_database_generation_script manual__2025-10-29T10:40:08.233755+00:00 [queued]>
[2025-10-29T10:40:10.264+0000] {taskinstance.py:2306} INFO - Starting attempt 1 of 1
[2025-10-29T10:40:10.272+0000] {taskinstance.py:2330} INFO - Executing <Task(_PythonDecoratedOperator): run_database_generation_script> on 2025-10-29 10:40:08.233755+00:00
[2025-10-29T10:40:10.277+0000] {standard_task_runner.py:63} INFO - Started process 653 to run task
[2025-10-29T10:40:10.280+0000] {standard_task_runner.py:90} INFO - Running: ['***', 'tasks', 'run', 'ai_database_generator', 'run_database_generation_script', 'manual__2025-10-29T10:40:08.233755+00:00', '--job-id', '1250', '--raw', '--subdir', 'DAGS_FOLDER/ai_database_generator_dag.py', '--cfg-path', '/tmp/tmp5_2p8_zc']
[2025-10-29T10:40:10.282+0000] {standard_task_runner.py:91} INFO - Job 1250: Subtask run_database_generation_script
[2025-10-29T10:40:10.348+0000] {task_command.py:426} INFO - Running <TaskInstance: ai_database_generator.run_database_generation_script manual__2025-10-29T10:40:08.233755+00:00 [running]> on host 584ab5ce1c9a
[2025-10-29T10:40:10.576+0000] {taskinstance.py:2648} INFO - Exporting env vars: AIRFLOW_CTX_DAG_OWNER='***' AIRFLOW_CTX_DAG_ID='ai_database_generator' AIRFLOW_CTX_TASK_ID='run_database_generation_script' AIRFLOW_CTX_EXECUTION_DATE='2025-10-29T10:40:08.233755+00:00' AIRFLOW_CTX_TRY_NUMBER='1' AIRFLOW_CTX_DAG_RUN_ID='manual__2025-10-29T10:40:08.233755+00:00'
[2025-10-29T10:40:10.577+0000] {taskinstance.py:430} INFO - ::endgroup::
[2025-10-29T10:40:10.577+0000] {logging_mixin.py:188} INFO - Importing AI-generated script...
[2025-10-29T10:40:10.886+0000] {logging_mixin.py:188} INFO - --- Starting Database Generation ---
[2025-10-29T10:40:10.913+0000] {logging_mixin.py:188} INFO - Generating 'students' table...
[2025-10-29T10:40:12.799+0000] {logging_mixin.py:188} INFO - 'students' table generated with 10000 rows.
[2025-10-29T10:40:12.800+0000] {logging_mixin.py:188} INFO - 
Generating 'teachers' table...
[2025-10-29T10:40:14.759+0000] {logging_mixin.py:188} INFO - 'teachers' table generated with 10000 rows.
[2025-10-29T10:40:14.760+0000] {logging_mixin.py:188} INFO - 
Generating 'courses' table...
[2025-10-29T10:40:14.856+0000] {logging_mixin.py:188} INFO - 'courses' table generated with 10000 rows.
[2025-10-29T10:40:14.856+0000] {logging_mixin.py:188} INFO - 
Generating 'enrollments' table...
[2025-10-29T10:40:15.043+0000] {logging_mixin.py:188} INFO - 'enrollments' table generated with 10000 rows.
[2025-10-29T10:40:15.043+0000] {logging_mixin.py:188} INFO - 
Dataset generation complete.
[2025-10-29T10:40:15.049+0000] {logging_mixin.py:188} INFO - --- Database Generation Complete ---
[2025-10-29T10:40:15.049+0000] {python.py:237} INFO - Done. Returned value was: None
[2025-10-29T10:40:15.049+0000] {taskinstance.py:441} INFO - ::group::Post task execution logs
[2025-10-29T10:40:15.058+0000] {taskinstance.py:1206} INFO - Marking task as SUCCESS. dag_id=ai_database_generator, task_id=run_database_generation_script, run_id=manual__2025-10-29T10:40:08.233755+00:00, execution_date=20251029T104008, start_date=20251029T104010, end_date=20251029T104015
[2025-10-29T10:40:15.103+0000] {local_task_job_runner.py:240} INFO - Task exited with return code 0
[2025-10-29T10:40:15.118+0000] {taskinstance.py:3503} INFO - 0 downstream tasks scheduled from follow-on schedule check
[2025-10-29T10:40:15.119+0000] {local_task_job_runner.py:222} INFO - ::endgroup::
