[2025-10-28T07:20:15.607+0000] {local_task_job_runner.py:120} INFO - ::group::Pre task execution logs
[2025-10-28T07:20:15.664+0000] {taskinstance.py:2076} INFO - Dependencies all met for dep_context=non-requeueable deps ti=<TaskInstance: synthetic_data_generator.generate_batch manual__2025-10-28T07:20:10.665406+00:00 map_index=0 [queued]>
[2025-10-28T07:20:15.680+0000] {taskinstance.py:2076} INFO - Dependencies all met for dep_context=requeueable deps ti=<TaskInstance: synthetic_data_generator.generate_batch manual__2025-10-28T07:20:10.665406+00:00 map_index=0 [queued]>
[2025-10-28T07:20:15.681+0000] {taskinstance.py:2306} INFO - Starting attempt 1 of 1
[2025-10-28T07:20:15.700+0000] {taskinstance.py:2330} INFO - Executing <Mapped(_PythonDecoratedOperator): generate_batch> on 2025-10-28 07:20:10.665406+00:00
[2025-10-28T07:20:15.720+0000] {logging_mixin.py:188} WARNING - /home/***/.local/lib/python3.12/site-packages/***/task/task_runner/standard_task_runner.py:61 DeprecationWarning: This process (pid=440) is multi-threaded, use of fork() may lead to deadlocks in the child.
[2025-10-28T07:20:15.720+0000] {standard_task_runner.py:90} INFO - Running: ['***', 'tasks', 'run', 'synthetic_data_generator', 'generate_batch', 'manual__2025-10-28T07:20:10.665406+00:00', '--job-id', '87', '--raw', '--subdir', 'DAGS_FOLDER/gemini_data_generation_dag.py', '--cfg-path', '/tmp/tmp0ywaxhg1', '--map-index', '0']
[2025-10-28T07:20:15.723+0000] {standard_task_runner.py:63} INFO - Started process 445 to run task
[2025-10-28T07:20:15.723+0000] {standard_task_runner.py:91} INFO - Job 87: Subtask generate_batch
[2025-10-28T07:20:15.843+0000] {task_command.py:426} INFO - Running <TaskInstance: synthetic_data_generator.generate_batch manual__2025-10-28T07:20:10.665406+00:00 map_index=0 [running]> on host c921c3854be1
[2025-10-28T07:20:16.006+0000] {taskinstance.py:2648} INFO - Exporting env vars: AIRFLOW_CTX_DAG_OWNER='***' AIRFLOW_CTX_DAG_ID='synthetic_data_generator' AIRFLOW_CTX_TASK_ID='generate_batch' AIRFLOW_CTX_EXECUTION_DATE='2025-10-28T07:20:10.665406+00:00' AIRFLOW_CTX_TRY_NUMBER='1' AIRFLOW_CTX_DAG_RUN_ID='manual__2025-10-28T07:20:10.665406+00:00'
[2025-10-28T07:20:16.010+0000] {taskinstance.py:430} INFO - ::endgroup::
[2025-10-28T07:26:10.376+0000] {gemini_worker.py:123} WARNING - Attempt 1 failed: Validation failed: CSV validation failed: Error tokenizing data. C error: EOF inside string starting at row 519
[2025-10-28T07:26:10.377+0000] {gemini_worker.py:126} INFO - Retrying in 1.0 seconds...
[2025-10-28T07:29:22.954+0000] {gemini_worker.py:145} INFO - Successfully generated and saved data to /opt/***/data/temp/manual__2025-10-28T07:20:10.665406+00:00/batch_0000.csv
[2025-10-28T07:29:22.956+0000] {python.py:237} INFO - Done. Returned value was: /opt/***/data/temp/manual__2025-10-28T07:20:10.665406+00:00/batch_0000.csv
[2025-10-28T07:29:22.957+0000] {taskinstance.py:441} INFO - ::group::Post task execution logs
[2025-10-28T07:29:23.009+0000] {taskinstance.py:1206} INFO - Marking task as SUCCESS. dag_id=synthetic_data_generator, task_id=generate_batch, run_id=manual__2025-10-28T07:20:10.665406+00:00, map_index=0, execution_date=20251028T072010, start_date=20251028T072015, end_date=20251028T072923
[2025-10-28T07:29:23.089+0000] {local_task_job_runner.py:240} INFO - Task exited with return code 0
[2025-10-28T07:29:23.133+0000] {taskinstance.py:3503} INFO - 0 downstream tasks scheduled from follow-on schedule check
[2025-10-28T07:29:23.136+0000] {local_task_job_runner.py:222} INFO - ::endgroup::
