[2025-10-28T07:31:20.000+0000] {local_task_job_runner.py:120} INFO - ::group::Pre task execution logs
[2025-10-28T07:31:20.046+0000] {taskinstance.py:2076} INFO - Dependencies all met for dep_context=non-requeueable deps ti=<TaskInstance: synthetic_data_generator.combine_files manual__2025-10-28T07:20:10.665406+00:00 [queued]>
[2025-10-28T07:31:20.057+0000] {taskinstance.py:2076} INFO - Dependencies all met for dep_context=requeueable deps ti=<TaskInstance: synthetic_data_generator.combine_files manual__2025-10-28T07:20:10.665406+00:00 [queued]>
[2025-10-28T07:31:20.058+0000] {taskinstance.py:2306} INFO - Starting attempt 1 of 1
[2025-10-28T07:31:20.073+0000] {taskinstance.py:2330} INFO - Executing <Task(_PythonDecoratedOperator): combine_files> on 2025-10-28 07:20:10.665406+00:00
[2025-10-28T07:31:20.089+0000] {logging_mixin.py:188} WARNING - /home/***/.local/lib/python3.12/site-packages/***/task/task_runner/standard_task_runner.py:61 DeprecationWarning: This process (pid=1005) is multi-threaded, use of fork() may lead to deadlocks in the child.
[2025-10-28T07:31:20.088+0000] {standard_task_runner.py:90} INFO - Running: ['***', 'tasks', 'run', 'synthetic_data_generator', 'combine_files', 'manual__2025-10-28T07:20:10.665406+00:00', '--job-id', '89', '--raw', '--subdir', 'DAGS_FOLDER/gemini_data_generation_dag.py', '--cfg-path', '/tmp/tmpuftf3xu0']
[2025-10-28T07:31:20.090+0000] {standard_task_runner.py:63} INFO - Started process 1007 to run task
[2025-10-28T07:31:20.091+0000] {standard_task_runner.py:91} INFO - Job 89: Subtask combine_files
[2025-10-28T07:31:20.194+0000] {task_command.py:426} INFO - Running <TaskInstance: synthetic_data_generator.combine_files manual__2025-10-28T07:20:10.665406+00:00 [running]> on host c921c3854be1
[2025-10-28T07:31:20.354+0000] {taskinstance.py:2648} INFO - Exporting env vars: AIRFLOW_CTX_DAG_OWNER='***' AIRFLOW_CTX_DAG_ID='synthetic_data_generator' AIRFLOW_CTX_TASK_ID='combine_files' AIRFLOW_CTX_EXECUTION_DATE='2025-10-28T07:20:10.665406+00:00' AIRFLOW_CTX_TRY_NUMBER='1' AIRFLOW_CTX_DAG_RUN_ID='manual__2025-10-28T07:20:10.665406+00:00'
[2025-10-28T07:31:20.355+0000] {taskinstance.py:430} INFO - ::endgroup::
[2025-10-28T07:31:20.357+0000] {logging_mixin.py:188} INFO - Combining 3 batch files into /opt/***/data/pipeline_runs/manual__2025-10-28T07:20:10.665406+00:00/final_output.csv
[2025-10-28T07:31:20.421+0000] {logging_mixin.py:188} INFO - Successfully created final output file: /opt/***/data/pipeline_runs/manual__2025-10-28T07:20:10.665406+00:00/final_output.csv
[2025-10-28T07:31:20.432+0000] {python.py:237} INFO - Done. Returned value was: /opt/***/data/pipeline_runs/manual__2025-10-28T07:20:10.665406+00:00/final_output.csv
[2025-10-28T07:31:20.433+0000] {taskinstance.py:441} INFO - ::group::Post task execution logs
[2025-10-28T07:31:20.468+0000] {taskinstance.py:1206} INFO - Marking task as SUCCESS. dag_id=synthetic_data_generator, task_id=combine_files, run_id=manual__2025-10-28T07:20:10.665406+00:00, execution_date=20251028T072010, start_date=20251028T073120, end_date=20251028T073120
[2025-10-28T07:31:20.506+0000] {local_task_job_runner.py:240} INFO - Task exited with return code 0
[2025-10-28T07:31:20.540+0000] {taskinstance.py:3503} INFO - 0 downstream tasks scheduled from follow-on schedule check
[2025-10-28T07:31:20.543+0000] {local_task_job_runner.py:222} INFO - ::endgroup::
