[2025-10-28T07:20:15.594+0000] {local_task_job_runner.py:120} INFO - ::group::Pre task execution logs
[2025-10-28T07:20:15.652+0000] {taskinstance.py:2076} INFO - Dependencies all met for dep_context=non-requeueable deps ti=<TaskInstance: synthetic_data_generator.generate_batch manual__2025-10-28T07:20:10.665406+00:00 map_index=2 [queued]>
[2025-10-28T07:20:15.669+0000] {taskinstance.py:2076} INFO - Dependencies all met for dep_context=requeueable deps ti=<TaskInstance: synthetic_data_generator.generate_batch manual__2025-10-28T07:20:10.665406+00:00 map_index=2 [queued]>
[2025-10-28T07:20:15.670+0000] {taskinstance.py:2306} INFO - Starting attempt 1 of 1
[2025-10-28T07:20:15.688+0000] {taskinstance.py:2330} INFO - Executing <Mapped(_PythonDecoratedOperator): generate_batch> on 2025-10-28 07:20:10.665406+00:00
[2025-10-28T07:20:15.705+0000] {standard_task_runner.py:90} INFO - Running: ['***', 'tasks', 'run', 'synthetic_data_generator', 'generate_batch', 'manual__2025-10-28T07:20:10.665406+00:00', '--job-id', '86', '--raw', '--subdir', 'DAGS_FOLDER/gemini_data_generation_dag.py', '--cfg-path', '/tmp/tmpx2951llo', '--map-index', '2']
[2025-10-28T07:20:15.706+0000] {logging_mixin.py:188} WARNING - /home/***/.local/lib/python3.12/site-packages/***/task/task_runner/standard_task_runner.py:61 DeprecationWarning: This process (pid=439) is multi-threaded, use of fork() may lead to deadlocks in the child.
[2025-10-28T07:20:15.707+0000] {standard_task_runner.py:91} INFO - Job 86: Subtask generate_batch
[2025-10-28T07:20:15.708+0000] {standard_task_runner.py:63} INFO - Started process 444 to run task
[2025-10-28T07:20:15.834+0000] {task_command.py:426} INFO - Running <TaskInstance: synthetic_data_generator.generate_batch manual__2025-10-28T07:20:10.665406+00:00 map_index=2 [running]> on host c921c3854be1
[2025-10-28T07:20:16.000+0000] {taskinstance.py:2648} INFO - Exporting env vars: AIRFLOW_CTX_DAG_OWNER='***' AIRFLOW_CTX_DAG_ID='synthetic_data_generator' AIRFLOW_CTX_TASK_ID='generate_batch' AIRFLOW_CTX_EXECUTION_DATE='2025-10-28T07:20:10.665406+00:00' AIRFLOW_CTX_TRY_NUMBER='1' AIRFLOW_CTX_DAG_RUN_ID='manual__2025-10-28T07:20:10.665406+00:00'
[2025-10-28T07:20:16.002+0000] {taskinstance.py:430} INFO - ::endgroup::
[2025-10-28T07:26:18.710+0000] {gemini_worker.py:123} WARNING - Attempt 1 failed: Validation failed: CSV validation failed: Error tokenizing data. C error: EOF inside string starting at row 584
[2025-10-28T07:26:18.711+0000] {gemini_worker.py:126} INFO - Retrying in 1.0 seconds...
[2025-10-28T07:31:17.490+0000] {gemini_worker.py:145} INFO - Successfully generated and saved data to /opt/***/data/temp/manual__2025-10-28T07:20:10.665406+00:00/batch_0002.csv
[2025-10-28T07:31:17.491+0000] {python.py:237} INFO - Done. Returned value was: /opt/***/data/temp/manual__2025-10-28T07:20:10.665406+00:00/batch_0002.csv
[2025-10-28T07:31:17.492+0000] {taskinstance.py:441} INFO - ::group::Post task execution logs
[2025-10-28T07:31:17.539+0000] {taskinstance.py:1206} INFO - Marking task as SUCCESS. dag_id=synthetic_data_generator, task_id=generate_batch, run_id=manual__2025-10-28T07:20:10.665406+00:00, map_index=2, execution_date=20251028T072010, start_date=20251028T072015, end_date=20251028T073117
[2025-10-28T07:31:17.597+0000] {local_task_job_runner.py:240} INFO - Task exited with return code 0
[2025-10-28T07:31:17.642+0000] {taskinstance.py:3503} INFO - 1 downstream tasks scheduled from follow-on schedule check
[2025-10-28T07:31:17.646+0000] {local_task_job_runner.py:222} INFO - ::endgroup::
