[2025-10-29T10:22:35.337+0000] {local_task_job_runner.py:120} INFO - ::group::Pre task execution logs
[2025-10-29T10:22:35.362+0000] {taskinstance.py:2076} INFO - Dependencies all met for dep_context=non-requeueable deps ti=<TaskInstance: ai_database_generator.run_database_generation_script manual__2025-10-29T10:22:33.525368+00:00 [queued]>
[2025-10-29T10:22:35.369+0000] {taskinstance.py:2076} INFO - Dependencies all met for dep_context=requeueable deps ti=<TaskInstance: ai_database_generator.run_database_generation_script manual__2025-10-29T10:22:33.525368+00:00 [queued]>
[2025-10-29T10:22:35.369+0000] {taskinstance.py:2306} INFO - Starting attempt 1 of 1
[2025-10-29T10:22:35.377+0000] {taskinstance.py:2330} INFO - Executing <Task(_PythonDecoratedOperator): run_database_generation_script> on 2025-10-29 10:22:33.525368+00:00
[2025-10-29T10:22:35.383+0000] {standard_task_runner.py:63} INFO - Started process 357 to run task
[2025-10-29T10:22:35.386+0000] {standard_task_runner.py:90} INFO - Running: ['***', 'tasks', 'run', 'ai_database_generator', 'run_database_generation_script', 'manual__2025-10-29T10:22:33.525368+00:00', '--job-id', '1246', '--raw', '--subdir', 'DAGS_FOLDER/ai_database_generator_dag.py', '--cfg-path', '/tmp/tmp5mo9ajko']
[2025-10-29T10:22:35.388+0000] {standard_task_runner.py:91} INFO - Job 1246: Subtask run_database_generation_script
[2025-10-29T10:22:35.448+0000] {task_command.py:426} INFO - Running <TaskInstance: ai_database_generator.run_database_generation_script manual__2025-10-29T10:22:33.525368+00:00 [running]> on host 6666c09bc4ea
[2025-10-29T10:22:35.657+0000] {taskinstance.py:2648} INFO - Exporting env vars: AIRFLOW_CTX_DAG_OWNER='***' AIRFLOW_CTX_DAG_ID='ai_database_generator' AIRFLOW_CTX_TASK_ID='run_database_generation_script' AIRFLOW_CTX_EXECUTION_DATE='2025-10-29T10:22:33.525368+00:00' AIRFLOW_CTX_TRY_NUMBER='1' AIRFLOW_CTX_DAG_RUN_ID='manual__2025-10-29T10:22:33.525368+00:00'
[2025-10-29T10:22:35.658+0000] {taskinstance.py:430} INFO - ::endgroup::
[2025-10-29T10:22:35.658+0000] {logging_mixin.py:188} INFO - Importing AI-generated script...
[2025-10-29T10:22:36.001+0000] {logging_mixin.py:188} INFO - --- Starting Database Generation ---
[2025-10-29T10:22:36.001+0000] {logging_mixin.py:188} INFO - Running placeholder generator...
[2025-10-29T10:22:36.054+0000] {logging_mixin.py:188} INFO - Placeholder file saved to /opt/***/data/generated_users/placeholder.parquet
[2025-10-29T10:22:36.055+0000] {logging_mixin.py:188} INFO - --- Database Generation Complete ---
[2025-10-29T10:22:36.055+0000] {python.py:237} INFO - Done. Returned value was: None
[2025-10-29T10:22:36.055+0000] {taskinstance.py:441} INFO - ::group::Post task execution logs
[2025-10-29T10:22:36.068+0000] {taskinstance.py:1206} INFO - Marking task as SUCCESS. dag_id=ai_database_generator, task_id=run_database_generation_script, run_id=manual__2025-10-29T10:22:33.525368+00:00, execution_date=20251029T102233, start_date=20251029T102235, end_date=20251029T102236
[2025-10-29T10:22:36.119+0000] {local_task_job_runner.py:240} INFO - Task exited with return code 0
[2025-10-29T10:22:36.136+0000] {taskinstance.py:3503} INFO - 0 downstream tasks scheduled from follow-on schedule check
[2025-10-29T10:22:36.138+0000] {local_task_job_runner.py:222} INFO - ::endgroup::
