[2025-10-28T06:31:40.575+0000] {local_task_job_runner.py:120} INFO - ::group::Pre task execution logs
[2025-10-28T06:31:40.622+0000] {taskinstance.py:2076} INFO - Dependencies all met for dep_context=non-requeueable deps ti=<TaskInstance: synthetic_data_generator.generate_batch manual__2025-10-28T06:31:35.365298+00:00 map_index=0 [queued]>
[2025-10-28T06:31:40.635+0000] {taskinstance.py:2076} INFO - Dependencies all met for dep_context=requeueable deps ti=<TaskInstance: synthetic_data_generator.generate_batch manual__2025-10-28T06:31:35.365298+00:00 map_index=0 [queued]>
[2025-10-28T06:31:40.636+0000] {taskinstance.py:2306} INFO - Starting attempt 1 of 1
[2025-10-28T06:31:40.653+0000] {taskinstance.py:2330} INFO - Executing <Mapped(_PythonDecoratedOperator): generate_batch> on 2025-10-28 06:31:35.365298+00:00
[2025-10-28T06:31:40.670+0000] {standard_task_runner.py:90} INFO - Running: ['***', 'tasks', 'run', 'synthetic_data_generator', 'generate_batch', 'manual__2025-10-28T06:31:35.365298+00:00', '--job-id', '75', '--raw', '--subdir', 'DAGS_FOLDER/gemini_data_generation_dag.py', '--cfg-path', '/tmp/tmp2c9asf3a', '--map-index', '0']
[2025-10-28T06:31:40.671+0000] {logging_mixin.py:188} WARNING - /home/***/.local/lib/python3.12/site-packages/***/task/task_runner/standard_task_runner.py:61 DeprecationWarning: This process (pid=325) is multi-threaded, use of fork() may lead to deadlocks in the child.
[2025-10-28T06:31:40.674+0000] {standard_task_runner.py:91} INFO - Job 75: Subtask generate_batch
[2025-10-28T06:31:40.674+0000] {standard_task_runner.py:63} INFO - Started process 330 to run task
[2025-10-28T06:31:40.786+0000] {task_command.py:426} INFO - Running <TaskInstance: synthetic_data_generator.generate_batch manual__2025-10-28T06:31:35.365298+00:00 map_index=0 [running]> on host ee432298e8ec
[2025-10-28T06:31:40.959+0000] {taskinstance.py:2648} INFO - Exporting env vars: AIRFLOW_CTX_DAG_OWNER='***' AIRFLOW_CTX_DAG_ID='synthetic_data_generator' AIRFLOW_CTX_TASK_ID='generate_batch' AIRFLOW_CTX_EXECUTION_DATE='2025-10-28T06:31:35.365298+00:00' AIRFLOW_CTX_TRY_NUMBER='1' AIRFLOW_CTX_DAG_RUN_ID='manual__2025-10-28T06:31:35.365298+00:00'
[2025-10-28T06:31:40.964+0000] {taskinstance.py:430} INFO - ::endgroup::
[2025-10-28T06:37:47.876+0000] {gemini_worker.py:123} WARNING - Attempt 1 failed: Validation failed: CSV validation failed: Error tokenizing data. C error: EOF inside string starting at row 1122
[2025-10-28T06:37:47.877+0000] {gemini_worker.py:126} INFO - Retrying in 1.0 seconds...
[2025-10-28T06:40:48.208+0000] {gemini_worker.py:145} INFO - Successfully generated and saved data to /opt/***/data/temp/manual__2025-10-28T06:31:35.365298+00:00/batch_0000.csv
[2025-10-28T06:40:48.210+0000] {python.py:237} INFO - Done. Returned value was: /opt/***/data/temp/manual__2025-10-28T06:31:35.365298+00:00/batch_0000.csv
[2025-10-28T06:40:48.211+0000] {taskinstance.py:441} INFO - ::group::Post task execution logs
[2025-10-28T06:40:48.262+0000] {taskinstance.py:1206} INFO - Marking task as SUCCESS. dag_id=synthetic_data_generator, task_id=generate_batch, run_id=manual__2025-10-28T06:31:35.365298+00:00, map_index=0, execution_date=20251028T063135, start_date=20251028T063140, end_date=20251028T064048
[2025-10-28T06:40:48.334+0000] {local_task_job_runner.py:240} INFO - Task exited with return code 0
[2025-10-28T06:40:48.380+0000] {taskinstance.py:3503} INFO - 0 downstream tasks scheduled from follow-on schedule check
[2025-10-28T06:40:48.392+0000] {local_task_job_runner.py:222} INFO - ::endgroup::
