[2025-10-29T10:40:08.858+0000] {local_task_job_runner.py:120} INFO - ::group::Pre task execution logs
[2025-10-29T10:40:08.884+0000] {taskinstance.py:2076} INFO - Dependencies all met for dep_context=non-requeueable deps ti=<TaskInstance: ai_database_generator.clear_previous_data manual__2025-10-29T10:40:08.233755+00:00 [queued]>
[2025-10-29T10:40:08.889+0000] {taskinstance.py:2076} INFO - Dependencies all met for dep_context=requeueable deps ti=<TaskInstance: ai_database_generator.clear_previous_data manual__2025-10-29T10:40:08.233755+00:00 [queued]>
[2025-10-29T10:40:08.889+0000] {taskinstance.py:2306} INFO - Starting attempt 1 of 1
[2025-10-29T10:40:08.897+0000] {taskinstance.py:2330} INFO - Executing <Task(_PythonDecoratedOperator): clear_previous_data> on 2025-10-29 10:40:08.233755+00:00
[2025-10-29T10:40:08.903+0000] {standard_task_runner.py:63} INFO - Started process 651 to run task
[2025-10-29T10:40:08.906+0000] {standard_task_runner.py:90} INFO - Running: ['***', 'tasks', 'run', 'ai_database_generator', 'clear_previous_data', 'manual__2025-10-29T10:40:08.233755+00:00', '--job-id', '1249', '--raw', '--subdir', 'DAGS_FOLDER/ai_database_generator_dag.py', '--cfg-path', '/tmp/tmpp864r932']
[2025-10-29T10:40:08.908+0000] {standard_task_runner.py:91} INFO - Job 1249: Subtask clear_previous_data
[2025-10-29T10:40:08.965+0000] {task_command.py:426} INFO - Running <TaskInstance: ai_database_generator.clear_previous_data manual__2025-10-29T10:40:08.233755+00:00 [running]> on host 584ab5ce1c9a
[2025-10-29T10:40:09.190+0000] {taskinstance.py:2648} INFO - Exporting env vars: AIRFLOW_CTX_DAG_OWNER='***' AIRFLOW_CTX_DAG_ID='ai_database_generator' AIRFLOW_CTX_TASK_ID='clear_previous_data' AIRFLOW_CTX_EXECUTION_DATE='2025-10-29T10:40:08.233755+00:00' AIRFLOW_CTX_TRY_NUMBER='1' AIRFLOW_CTX_DAG_RUN_ID='manual__2025-10-29T10:40:08.233755+00:00'
[2025-10-29T10:40:09.191+0000] {taskinstance.py:430} INFO - ::endgroup::
[2025-10-29T10:40:09.191+0000] {logging_mixin.py:188} INFO - Clearing old data from /opt/***/data/generated_users...
[2025-10-29T10:40:09.194+0000] {logging_mixin.py:188} INFO - Removed placeholder.parquet
[2025-10-29T10:40:09.194+0000] {logging_mixin.py:188} INFO - Cleared 1 files.
[2025-10-29T10:40:09.195+0000] {python.py:237} INFO - Done. Returned value was: None
[2025-10-29T10:40:09.195+0000] {taskinstance.py:441} INFO - ::group::Post task execution logs
[2025-10-29T10:40:09.204+0000] {taskinstance.py:1206} INFO - Marking task as SUCCESS. dag_id=ai_database_generator, task_id=clear_previous_data, run_id=manual__2025-10-29T10:40:08.233755+00:00, execution_date=20251029T104008, start_date=20251029T104008, end_date=20251029T104009
[2025-10-29T10:40:09.239+0000] {local_task_job_runner.py:240} INFO - Task exited with return code 0
[2025-10-29T10:40:09.259+0000] {taskinstance.py:3503} INFO - 1 downstream tasks scheduled from follow-on schedule check
[2025-10-29T10:40:09.260+0000] {local_task_job_runner.py:222} INFO - ::endgroup::
